{
  "uid" : "106aa67b7cd27719",
  "name" : "test_02_file[file_name_info3]",
  "fullName" : "TestCase.test_vue.Test_Login_Vue#test_02_file",
  "historyId" : "df6b79103b7cc5fa2c7b5e44d096b15a",
  "time" : {
    "start" : 1647332889480,
    "stop" : 1647332889480,
    "duration" : 0
  },
  "status" : "broken",
  "statusMessage" : "ValueError: too many values to unpack (expected 5)",
  "statusTrace" : "self = <TestCase.test_vue.Test_Login_Vue object at 0x7fb49f3c1040>\nfile_name_info = [None, None, None, None, None, None]\n\n    @pytest.mark.parametrize(\"file_name_info\", read_excel(\"./Data/data.xlsx\", \"export\"))\n    def test_02_file(self, file_name_info):\n        # print(file_name_info)\n>       index, case_name, file_name, is_exe, result = file_name_info\nE       ValueError: too many values to unpack (expected 5)\n\nTestCase/test_vue.py:33: ValueError",
  "flaky" : false,
  "newFailed" : false,
  "newBroken" : false,
  "newPassed" : false,
  "retriesCount" : 6,
  "retriesStatusChange" : false,
  "beforeStages" : [ {
    "name" : "_Class__pytest_setup_class",
    "time" : {
      "start" : 1647332882138,
      "stop" : 1647332883857,
      "duration" : 1719
    },
    "status" : "passed",
    "steps" : [ ],
    "attachments" : [ ],
    "parameters" : [ ],
    "stepsCount" : 0,
    "attachmentsCount" : 0,
    "shouldDisplayMessage" : false,
    "hasContent" : false
  } ],
  "afterStages" : [ {
    "name" : "_Class__pytest_setup_class::0",
    "time" : {
      "start" : 1647332889483,
      "stop" : 1647332891638,
      "duration" : 2155
    },
    "status" : "passed",
    "steps" : [ ],
    "attachments" : [ ],
    "parameters" : [ ],
    "stepsCount" : 0,
    "attachmentsCount" : 0,
    "shouldDisplayMessage" : false,
    "hasContent" : false
  } ],
  "labels" : [ {
    "name" : "parentSuite",
    "value" : "TestCase"
  }, {
    "name" : "suite",
    "value" : "test_vue"
  }, {
    "name" : "subSuite",
    "value" : "Test_Login_Vue"
  }, {
    "name" : "host",
    "value" : "localhost"
  }, {
    "name" : "thread",
    "value" : "10808-MainThread"
  }, {
    "name" : "framework",
    "value" : "pytest"
  }, {
    "name" : "language",
    "value" : "cpython3"
  }, {
    "name" : "package",
    "value" : "TestCase.test_vue"
  }, {
    "name" : "resultFormat",
    "value" : "allure2"
  } ],
  "parameters" : [ {
    "name" : "file_name_info",
    "value" : "[None, None, None, None, None, None]"
  } ],
  "links" : [ ],
  "hidden" : false,
  "retry" : false,
  "extra" : {
    "severity" : "normal",
    "retries" : [ {
      "uid" : "94d0b2cee923c678",
      "status" : "broken",
      "statusDetails" : "selenium.common.exceptions.WebDriverException: Message: Can not connect to the Service chromedriver",
      "time" : {
        "start" : 1647331833470,
        "stop" : 1647331833470,
        "duration" : 0
      }
    }, {
      "uid" : "a759eceadd18fc28",
      "status" : "broken",
      "statusDetails" : "selenium.common.exceptions.WebDriverException: Message: Can not connect to the Service chromedriver",
      "time" : {
        "start" : 1647331748472,
        "stop" : 1647331748472,
        "duration" : 0
      }
    }, {
      "uid" : "9f76c629d2bb3cf9",
      "status" : "broken",
      "statusDetails" : "selenium.common.exceptions.WebDriverException: Message: Can not connect to the Service chromedriver",
      "time" : {
        "start" : 1647331604462,
        "stop" : 1647331604462,
        "duration" : 0
      }
    }, {
      "uid" : "115fa64525684920",
      "status" : "broken",
      "statusDetails" : "selenium.common.exceptions.WebDriverException: Message: Can not connect to the Service chromedriver",
      "time" : {
        "start" : 1647331512631,
        "stop" : 1647331512631,
        "duration" : 0
      }
    }, {
      "uid" : "c6e74f4861eab55a",
      "status" : "broken",
      "statusDetails" : "ValueError: too many values to unpack (expected 5)",
      "time" : {
        "start" : 1647309470977,
        "stop" : 1647309470977,
        "duration" : 0
      }
    }, {
      "uid" : "6d57f2a3cc54d956",
      "status" : "broken",
      "statusDetails" : "ValueError: too many values to unpack (expected 5)",
      "time" : {
        "start" : 1647309360713,
        "stop" : 1647309360713,
        "duration" : 0
      }
    } ],
    "categories" : [ {
      "name" : "Test defects",
      "matchedStatuses" : [ ],
      "flaky" : false
    } ],
    "tags" : [ ]
  },
  "source" : "106aa67b7cd27719.json",
  "parameterValues" : [ "[None, None, None, None, None, None]" ]
}