{
  "uid" : "3803bd4196b732a2",
  "name" : "输入正确用例，可以下载",
  "fullName" : "TestCase.test_vue.Test_Login_Vue#test_02_file",
  "historyId" : "4f977ac249d94f9cc2eae1e786cb6e41",
  "time" : {
    "start" : 1647429485981,
    "stop" : 1647429488996,
    "duration" : 3015
  },
  "description" : "输入正确用例，可以下载",
  "descriptionHtml" : "<p>输入正确用例，可以下载</p>\n",
  "status" : "passed",
  "flaky" : false,
  "newFailed" : false,
  "newBroken" : false,
  "newPassed" : false,
  "retriesCount" : 12,
  "retriesStatusChange" : true,
  "beforeStages" : [ {
    "name" : "_Class__pytest_setup_class",
    "time" : {
      "start" : 1647429479579,
      "stop" : 1647429481481,
      "duration" : 1902
    },
    "status" : "passed",
    "steps" : [ ],
    "attachments" : [ ],
    "parameters" : [ ],
    "stepsCount" : 0,
    "attachmentsCount" : 0,
    "shouldDisplayMessage" : false,
    "hasContent" : false
  } ],
  "afterStages" : [ {
    "name" : "_Class__pytest_setup_class::0",
    "time" : {
      "start" : 1647429492323,
      "stop" : 1647429494364,
      "duration" : 2041
    },
    "status" : "broken",
    "statusMessage" : "selenium.common.exceptions.NoSuchWindowException: Message: no such window: target window already closed\nfrom unknown error: web view not found\n  (Session info: chrome=99.0.4844.51)\nStacktrace:\n0   chromedriver                        0x000000010a02a159 chromedriver + 5120345\n1   chromedriver                        0x0000000109fb7b13 chromedriver + 4651795\n2   chromedriver                        0x0000000109ba7e68 chromedriver + 392808\n3   chromedriver                        0x0000000109b8818c chromedriver + 262540\n4   chromedriver                        0x0000000109bfe0cb chromedriver + 745675\n5   chromedriver                        0x0000000109c02530 chromedriver + 763184\n6   chromedriver                        0x0000000109bfab08 chromedriver + 731912\n7   chromedriver                        0x0000000109bd05dd chromedriver + 558557\n8   chromedriver                        0x0000000109bd14f5 chromedriver + 562421\n9   chromedriver                        0x0000000109fe738d chromedriver + 4846477\n10  chromedriver                        0x000000010a00121c chromedriver + 4952604\n11  chromedriver                        0x000000010a006a12 chromedriver + 4975122\n12  chromedriver                        0x000000010a001b4a chromedriver + 4954954\n13  chromedriver                        0x0000000109fdc5b0 chromedriver + 4801968\n14  chromedriver                        0x000000010a01bf78 chromedriver + 5062520\n15  chromedriver                        0x000000010a01c0ff chromedriver + 5062911\n16  chromedriver                        0x000000010a031545 chromedriver + 5150021\n17  libsystem_pthread.dylib             0x00007fff2030f8fc _pthread_start + 224\n18  libsystem_pthread.dylib             0x00007fff2030b443 thread_start + 15\n\n",
    "statusTrace" : "  File \"/Library/Frameworks/Python.framework/Versions/3.9/lib/python3.9/site-packages/allure_commons/_allure.py\", line 200, in __call__\n    return self._fixture_function(*args, **kwargs)\n  File \"/Users/yangzhiqi/PycharmProjects/Selenium/venv/lib/python3.9/site-packages/_pytest/fixtures.py\", line 800, in _teardown_yield_fixture\n    next(it)\n  File \"/Users/yangzhiqi/PycharmProjects/Selenium/venv/lib/python3.9/site-packages/_pytest/python.py\", line 705, in xunit_setup_class_fixture\n    _call_with_optional_argument(func, self.obj)\n  File \"/Users/yangzhiqi/PycharmProjects/Selenium/venv/lib/python3.9/site-packages/_pytest/python.py\", line 632, in _call_with_optional_argument\n    func(arg)\n  File \"/Users/yangzhiqi/PycharmProjects/Selenium/TestCase/test_vue.py\", line 76, in teardown_class\n    self.driver.close()\n  File \"/Users/yangzhiqi/PycharmProjects/Selenium/venv/lib/python3.9/site-packages/selenium/webdriver/remote/webdriver.py\", line 938, in close\n    self.execute(Command.CLOSE)\n  File \"/Users/yangzhiqi/PycharmProjects/Selenium/venv/lib/python3.9/site-packages/selenium/webdriver/remote/webdriver.py\", line 425, in execute\n    self.error_handler.check_response(response)\n  File \"/Users/yangzhiqi/PycharmProjects/Selenium/venv/lib/python3.9/site-packages/selenium/webdriver/remote/errorhandler.py\", line 247, in check_response\n    raise exception_class(message, screen, stacktrace)\n",
    "steps" : [ ],
    "attachments" : [ ],
    "parameters" : [ ],
    "stepsCount" : 0,
    "attachmentsCount" : 0,
    "shouldDisplayMessage" : true,
    "hasContent" : true
  } ],
  "labels" : [ {
    "name" : "parentSuite",
    "value" : "TestCase"
  }, {
    "name" : "suite",
    "value" : "test_vue"
  }, {
    "name" : "subSuite",
    "value" : "Test_Login_Vue"
  }, {
    "name" : "host",
    "value" : "YZQ.local"
  }, {
    "name" : "thread",
    "value" : "35281-MainThread"
  }, {
    "name" : "framework",
    "value" : "pytest"
  }, {
    "name" : "language",
    "value" : "cpython3"
  }, {
    "name" : "package",
    "value" : "TestCase.test_vue"
  }, {
    "name" : "resultFormat",
    "value" : "allure2"
  } ],
  "parameters" : [ {
    "name" : "file_name_info",
    "value" : "[1, '输入正确用例，可以下载', 0, 'y', None]"
  } ],
  "links" : [ ],
  "hidden" : false,
  "retry" : false,
  "extra" : {
    "severity" : "normal",
    "retries" : [ {
      "uid" : "a67693534ce4af01",
      "status" : "passed",
      "time" : {
        "start" : 1647429233837,
        "stop" : 1647429236757,
        "duration" : 2920
      }
    }, {
      "uid" : "dac0e2e2ce7ccabc",
      "status" : "passed",
      "time" : {
        "start" : 1647429161195,
        "stop" : 1647429164106,
        "duration" : 2911
      }
    }, {
      "uid" : "e48c57c02d550d7c",
      "status" : "passed",
      "time" : {
        "start" : 1647428702943,
        "stop" : 1647428706176,
        "duration" : 3233
      }
    }, {
      "uid" : "4de9eac375010066",
      "status" : "broken",
      "statusDetails" : "AttributeError: type object 'Test_Login_Vue' has no attribute 'log'",
      "time" : {
        "start" : 1647428595558,
        "stop" : 1647428595558,
        "duration" : 0
      }
    }, {
      "uid" : "1c2c5584a3950398",
      "status" : "passed",
      "time" : {
        "start" : 1647399215228,
        "stop" : 1647399218840,
        "duration" : 3612
      }
    }, {
      "uid" : "9833fa23eff4ce23",
      "status" : "passed",
      "time" : {
        "start" : 1647344003675,
        "stop" : 1647344006578,
        "duration" : 2903
      }
    }, {
      "uid" : "3886cafecaa61239",
      "status" : "passed",
      "time" : {
        "start" : 1647343690643,
        "stop" : 1647343693510,
        "duration" : 2867
      }
    }, {
      "uid" : "306ef74458c38b4e",
      "status" : "passed",
      "time" : {
        "start" : 1647343346644,
        "stop" : 1647343349719,
        "duration" : 3075
      }
    }, {
      "uid" : "c1c04266429636df",
      "status" : "passed",
      "time" : {
        "start" : 1647340609564,
        "stop" : 1647340612904,
        "duration" : 3340
      }
    }, {
      "uid" : "fb94a1e695cc4ebf",
      "status" : "broken",
      "statusDetails" : "selenium.common.exceptions.NoSuchElementException: Message: no such element: Unable to locate element: {\"method\":\"xpath\",\"selector\":\"//span[contains(text(),'Zip')]\"}\n  (Session info: chrome=99.0.4844.51)\nStacktrace:\n0   chromedriver                        0x0000000102ee6159 chromedriver + 5120345\n1   chromedriver                        0x0000000102e73b13 chromedriver + 4651795\n2   chromedriver                        0x0000000102a63e68 chromedriver + 392808\n3   chromedriver                        0x0000000102a99181 chromedriver + 610689\n4   chromedriver                        0x0000000102a99341 chromedriver + 611137\n5   chromedriver                        0x0000000102acba74 chromedriver + 817780\n6   chromedriver                        0x0000000102ab6b6d chromedriver + 732013\n7   chromedriver                        0x0000000102ac9637 chromedriver + 808503\n8   chromedriver                        0x0000000102ab6a33 chromedriver + 731699\n9   chromedriver                        0x0000000102a8c5dd chromedriver + 558557\n10  chromedriver                        0x0000000102a8d4f5 chromedriver + 562421\n11  chromedriver                        0x0000000102ea338d chromedriver + 4846477\n12  chromedriver                        0x0000000102ebd21c chromedriver + 4952604\n13  chromedriver                        0x0000000102ec2a12 chromedriver + 4975122\n14  chromedriver                        0x0000000102ebdb4a chromedriver + 4954954\n15  chromedriver                        0x0000000102e985b0 chromedriver + 4801968\n16  chromedriver                        0x0000000102ed7f78 chromedriver + 5062520\n17  chromedriver                        0x0000000102ed80ff chromedriver + 5062911\n18  chromedriver                        0x0000000102eed545 chromedriver + 5150021\n19  libsystem_pthread.dylib             0x00007fff2030f8fc _pthread_start + 224\n20  libsystem_pthread.dylib             0x00007fff2030b443 thread_start + 15",
      "time" : {
        "start" : 1647340469788,
        "stop" : 1647340473000,
        "duration" : 3212
      }
    }, {
      "uid" : "3bfee4f5ba2abffb",
      "status" : "passed",
      "time" : {
        "start" : 1647340319730,
        "stop" : 1647340323164,
        "duration" : 3434
      }
    }, {
      "uid" : "6fe7e92ccde0c6c5",
      "status" : "passed",
      "time" : {
        "start" : 1647339849293,
        "stop" : 1647339852417,
        "duration" : 3124
      }
    } ],
    "categories" : [ ],
    "tags" : [ ]
  },
  "source" : "3803bd4196b732a2.json",
  "parameterValues" : [ "[1, '输入正确用例，可以下载', 0, 'y', None]" ]
}