{
  "uid" : "50e46dd2e6e4447d",
  "name" : "test_02_file[file_name_info0]",
  "fullName" : "TestCase.test_vue.Test_Login_Vue#test_02_file",
  "historyId" : "4f977ac249d94f9cc2eae1e786cb6e41",
  "time" : {
    "start" : 1647338368813,
    "stop" : 1647338371914,
    "duration" : 3101
  },
  "status" : "passed",
  "flaky" : false,
  "newFailed" : false,
  "newBroken" : false,
  "newPassed" : false,
  "retriesCount" : 12,
  "retriesStatusChange" : true,
  "beforeStages" : [ {
    "name" : "_Class__pytest_setup_class",
    "time" : {
      "start" : 1647338363829,
      "stop" : 1647338365824,
      "duration" : 1995
    },
    "status" : "passed",
    "steps" : [ ],
    "attachments" : [ ],
    "parameters" : [ ],
    "stepsCount" : 0,
    "attachmentsCount" : 0,
    "shouldDisplayMessage" : false,
    "hasContent" : false
  } ],
  "afterStages" : [ {
    "name" : "_Class__pytest_setup_class::0",
    "time" : {
      "start" : 1647338371916,
      "stop" : 1647338374063,
      "duration" : 2147
    },
    "status" : "passed",
    "steps" : [ ],
    "attachments" : [ ],
    "parameters" : [ ],
    "stepsCount" : 0,
    "attachmentsCount" : 0,
    "shouldDisplayMessage" : false,
    "hasContent" : false
  } ],
  "labels" : [ {
    "name" : "parentSuite",
    "value" : "TestCase"
  }, {
    "name" : "suite",
    "value" : "test_vue"
  }, {
    "name" : "subSuite",
    "value" : "Test_Login_Vue"
  }, {
    "name" : "host",
    "value" : "localhost"
  }, {
    "name" : "thread",
    "value" : "12893-MainThread"
  }, {
    "name" : "framework",
    "value" : "pytest"
  }, {
    "name" : "language",
    "value" : "cpython3"
  }, {
    "name" : "package",
    "value" : "TestCase.test_vue"
  }, {
    "name" : "resultFormat",
    "value" : "allure2"
  } ],
  "parameters" : [ {
    "name" : "file_name_info",
    "value" : "[1, '输入正确用例，可以下载', 0, 'y', None]"
  } ],
  "links" : [ ],
  "hidden" : false,
  "retry" : false,
  "extra" : {
    "severity" : "normal",
    "retries" : [ {
      "uid" : "6fdfe835e26c7c58",
      "status" : "broken",
      "statusDetails" : "selenium.common.exceptions.NoSuchElementException: Message: no such element: Unable to locate element: {\"method\":\"xpath\",\"selector\":\"//*[@id='app']/div/form/button\"}\n  (Session info: chrome=99.0.4844.51)\nStacktrace:\n0   chromedriver                        0x000000010bdd6159 chromedriver + 5120345\n1   chromedriver                        0x000000010bd63b13 chromedriver + 4651795\n2   chromedriver                        0x000000010b953e68 chromedriver + 392808\n3   chromedriver                        0x000000010b989181 chromedriver + 610689\n4   chromedriver                        0x000000010b989341 chromedriver + 611137\n5   chromedriver                        0x000000010b9bba74 chromedriver + 817780\n6   chromedriver                        0x000000010b9a6b6d chromedriver + 732013\n7   chromedriver                        0x000000010b9b9637 chromedriver + 808503\n8   chromedriver                        0x000000010b9a6a33 chromedriver + 731699\n9   chromedriver                        0x000000010b97c5dd chromedriver + 558557\n10  chromedriver                        0x000000010b97d4f5 chromedriver + 562421\n11  chromedriver                        0x000000010bd9338d chromedriver + 4846477\n12  chromedriver                        0x000000010bdad21c chromedriver + 4952604\n13  chromedriver                        0x000000010bdb2a12 chromedriver + 4975122\n14  chromedriver                        0x000000010bdadb4a chromedriver + 4954954\n15  chromedriver                        0x000000010bd885b0 chromedriver + 4801968\n16  chromedriver                        0x000000010bdc7f78 chromedriver + 5062520\n17  chromedriver                        0x000000010bdc80ff chromedriver + 5062911\n18  chromedriver                        0x000000010bddd545 chromedriver + 5150021\n19  libsystem_pthread.dylib             0x00007fff2030f8fc _pthread_start + 224\n20  libsystem_pthread.dylib             0x00007fff2030b443 thread_start + 15",
      "time" : {
        "start" : 1647337644511,
        "stop" : 1647337645638,
        "duration" : 1127
      }
    }, {
      "uid" : "5e7f5127712b1e0a",
      "status" : "broken",
      "statusDetails" : "selenium.common.exceptions.NoSuchElementException: Message: no such element: Unable to locate element: {\"method\":\"xpath\",\"selector\":\"//*[@id='app']/div/form/button\"}\n  (Session info: chrome=99.0.4844.51)\nStacktrace:\n0   chromedriver                        0x000000010c4fc159 chromedriver + 5120345\n1   chromedriver                        0x000000010c489b13 chromedriver + 4651795\n2   chromedriver                        0x000000010c079e68 chromedriver + 392808\n3   chromedriver                        0x000000010c0af181 chromedriver + 610689\n4   chromedriver                        0x000000010c0af341 chromedriver + 611137\n5   chromedriver                        0x000000010c0e1a74 chromedriver + 817780\n6   chromedriver                        0x000000010c0ccb6d chromedriver + 732013\n7   chromedriver                        0x000000010c0df637 chromedriver + 808503\n8   chromedriver                        0x000000010c0cca33 chromedriver + 731699\n9   chromedriver                        0x000000010c0a25dd chromedriver + 558557\n10  chromedriver                        0x000000010c0a34f5 chromedriver + 562421\n11  chromedriver                        0x000000010c4b938d chromedriver + 4846477\n12  chromedriver                        0x000000010c4d321c chromedriver + 4952604\n13  chromedriver                        0x000000010c4d8a12 chromedriver + 4975122\n14  chromedriver                        0x000000010c4d3b4a chromedriver + 4954954\n15  chromedriver                        0x000000010c4ae5b0 chromedriver + 4801968\n16  chromedriver                        0x000000010c4edf78 chromedriver + 5062520\n17  chromedriver                        0x000000010c4ee0ff chromedriver + 5062911\n18  chromedriver                        0x000000010c503545 chromedriver + 5150021\n19  libsystem_pthread.dylib             0x00007fff2030f8fc _pthread_start + 224\n20  libsystem_pthread.dylib             0x00007fff2030b443 thread_start + 15",
      "time" : {
        "start" : 1647337607039,
        "stop" : 1647337608232,
        "duration" : 1193
      }
    }, {
      "uid" : "30ce0325209641e8",
      "status" : "broken",
      "statusDetails" : "ValueError: too many values to unpack (expected 5)",
      "time" : {
        "start" : 1647333018188,
        "stop" : 1647333018188,
        "duration" : 0
      }
    }, {
      "uid" : "f8028b9fe4a04077",
      "status" : "broken",
      "statusDetails" : "ValueError: too many values to unpack (expected 5)",
      "time" : {
        "start" : 1647332889390,
        "stop" : 1647332889390,
        "duration" : 0
      }
    }, {
      "uid" : "570394f228a1840c",
      "status" : "broken",
      "statusDetails" : "selenium.common.exceptions.WebDriverException: Message: Can not connect to the Service chromedriver",
      "time" : {
        "start" : 1647331833435,
        "stop" : 1647331833435,
        "duration" : 0
      }
    }, {
      "uid" : "26d18fcb0104cca0",
      "status" : "broken",
      "statusDetails" : "selenium.common.exceptions.WebDriverException: Message: Can not connect to the Service chromedriver",
      "time" : {
        "start" : 1647331748423,
        "stop" : 1647331748424,
        "duration" : 1
      }
    }, {
      "uid" : "ab822cc568d55945",
      "status" : "broken",
      "statusDetails" : "selenium.common.exceptions.WebDriverException: Message: Can not connect to the Service chromedriver",
      "time" : {
        "start" : 1647331604418,
        "stop" : 1647331604418,
        "duration" : 0
      }
    }, {
      "uid" : "58df7a6a4e3a10d1",
      "status" : "broken",
      "statusDetails" : "selenium.common.exceptions.WebDriverException: Message: Can not connect to the Service chromedriver",
      "time" : {
        "start" : 1647331512598,
        "stop" : 1647331512598,
        "duration" : 0
      }
    }, {
      "uid" : "f201ea6be60a3776",
      "status" : "broken",
      "statusDetails" : "ValueError: too many values to unpack (expected 5)",
      "time" : {
        "start" : 1647309470890,
        "stop" : 1647309470890,
        "duration" : 0
      }
    }, {
      "uid" : "1e61fb87c14e8ca7",
      "status" : "broken",
      "statusDetails" : "ValueError: too many values to unpack (expected 5)",
      "time" : {
        "start" : 1647309360701,
        "stop" : 1647309360701,
        "duration" : 0
      }
    }, {
      "uid" : "777ab5d5d2da41b3",
      "status" : "passed",
      "time" : {
        "start" : 1646293852928,
        "stop" : 1646293856461,
        "duration" : 3533
      }
    }, {
      "uid" : "244da4fd8a6cfbed",
      "status" : "broken",
      "statusDetails" : "selenium.common.exceptions.NoSuchElementException: Message: no such element: Unable to locate element: {\"method\":\"xpath\",\"selector\":\"//*[@id='app']/div/form/button\"}\n  (Session info: chrome=99.0.4844.51)\nStacktrace:\n0   chromedriver                        0x000000010a308ee9 chromedriver + 5013225\n1   chromedriver                        0x000000010a2941d3 chromedriver + 4534739\n2   chromedriver                        0x0000000109e6aa68 chromedriver + 170600\n3   chromedriver                        0x0000000109e9f152 chromedriver + 385362\n4   chromedriver                        0x0000000109e9f311 chromedriver + 385809\n5   chromedriver                        0x0000000109ed1324 chromedriver + 590628\n6   chromedriver                        0x0000000109ebc80d chromedriver + 505869\n7   chromedriver                        0x0000000109ecf074 chromedriver + 581748\n8   chromedriver                        0x0000000109ebc6d3 chromedriver + 505555\n9   chromedriver                        0x0000000109e9276e chromedriver + 333678\n10  chromedriver                        0x0000000109e93745 chromedriver + 337733\n11  chromedriver                        0x000000010a2c4efe chromedriver + 4734718\n12  chromedriver                        0x000000010a2dea19 chromedriver + 4839961\n13  chromedriver                        0x000000010a2e41c8 chromedriver + 4862408\n14  chromedriver                        0x000000010a2df3aa chromedriver + 4842410\n15  chromedriver                        0x000000010a2b9a01 chromedriver + 4688385\n16  chromedriver                        0x000000010a2fa538 chromedriver + 4953400\n17  chromedriver                        0x000000010a2fa6c1 chromedriver + 4953793\n18  chromedriver                        0x000000010a310225 chromedriver + 5042725\n19  libsystem_pthread.dylib             0x00007fff203a98fc _pthread_start + 224\n20  libsystem_pthread.dylib             0x00007fff203a5443 thread_start + 15",
      "time" : {
        "start" : 1646293804742,
        "stop" : 1646293809487,
        "duration" : 4745
      }
    } ],
    "categories" : [ ],
    "tags" : [ ]
  },
  "source" : "50e46dd2e6e4447d.json",
  "parameterValues" : [ "[1, '输入正确用例，可以下载', 0, 'y', None]" ]
}