{
  "uid" : "556a3960fb540689",
  "name" : "输入正确用例，可以下载",
  "fullName" : "TestCase.test_vue.Test_Login_Vue#test_02_file",
  "historyId" : "d7f73096832c045b1e34718b57c5e48a",
  "time" : {
    "start" : 1647344006580,
    "stop" : 1647344009837,
    "duration" : 3257
  },
  "description" : "输入正确用例，可以下载",
  "descriptionHtml" : "<p>输入正确用例，可以下载</p>\n",
  "status" : "passed",
  "flaky" : false,
  "newFailed" : false,
  "newBroken" : false,
  "newPassed" : false,
  "retriesCount" : 6,
  "retriesStatusChange" : true,
  "beforeStages" : [ {
    "name" : "_Class__pytest_setup_class",
    "time" : {
      "start" : 1647343998976,
      "stop" : 1647344000964,
      "duration" : 1988
    },
    "status" : "passed",
    "steps" : [ ],
    "attachments" : [ ],
    "parameters" : [ ],
    "stepsCount" : 0,
    "attachmentsCount" : 0,
    "shouldDisplayMessage" : false,
    "hasContent" : false
  } ],
  "testStage" : {
    "description" : "输入正确用例，可以下载",
    "status" : "passed",
    "steps" : [ ],
    "attachments" : [ {
      "uid" : "5b5a9895fb825899",
      "name" : "./images/2022-03-15-19-33-29.png",
      "source" : "5b5a9895fb825899.png",
      "type" : "image/png",
      "size" : 404334
    } ],
    "parameters" : [ ],
    "stepsCount" : 0,
    "attachmentsCount" : 1,
    "shouldDisplayMessage" : false,
    "hasContent" : true
  },
  "afterStages" : [ {
    "name" : "_Class__pytest_setup_class::0",
    "time" : {
      "start" : 1647344009841,
      "stop" : 1647344012000,
      "duration" : 2159
    },
    "status" : "passed",
    "steps" : [ ],
    "attachments" : [ ],
    "parameters" : [ ],
    "stepsCount" : 0,
    "attachmentsCount" : 0,
    "shouldDisplayMessage" : false,
    "hasContent" : false
  } ],
  "labels" : [ {
    "name" : "parentSuite",
    "value" : "TestCase"
  }, {
    "name" : "suite",
    "value" : "test_vue"
  }, {
    "name" : "subSuite",
    "value" : "Test_Login_Vue"
  }, {
    "name" : "host",
    "value" : "YZQ.local"
  }, {
    "name" : "thread",
    "value" : "16868-MainThread"
  }, {
    "name" : "framework",
    "value" : "pytest"
  }, {
    "name" : "language",
    "value" : "cpython3"
  }, {
    "name" : "package",
    "value" : "TestCase.test_vue"
  }, {
    "name" : "resultFormat",
    "value" : "allure2"
  } ],
  "parameters" : [ {
    "name" : "file_name_info",
    "value" : "[2, '输入正确用例，可以下载', 1, 'y', None]"
  } ],
  "links" : [ ],
  "hidden" : false,
  "retry" : false,
  "extra" : {
    "severity" : "normal",
    "retries" : [ {
      "uid" : "9884c1d8e24b56ef",
      "status" : "passed",
      "time" : {
        "start" : 1647343693512,
        "stop" : 1647343696661,
        "duration" : 3149
      }
    }, {
      "uid" : "c4de858049857fb3",
      "status" : "passed",
      "time" : {
        "start" : 1647343349724,
        "stop" : 1647343352656,
        "duration" : 2932
      }
    }, {
      "uid" : "82690424f33b9aaa",
      "status" : "broken",
      "statusDetails" : "selenium.common.exceptions.NoSuchElementException: Message: no such element: Unable to locate element: {\"method\":\"xpath\",\"selector\":\"//*[@id='app']/div/form/button\"}\n  (Session info: chrome=99.0.4844.51)\nStacktrace:\n0   chromedriver                        0x0000000105051159 chromedriver + 5120345\n1   chromedriver                        0x0000000104fdeb13 chromedriver + 4651795\n2   chromedriver                        0x0000000104bcee68 chromedriver + 392808\n3   chromedriver                        0x0000000104c04181 chromedriver + 610689\n4   chromedriver                        0x0000000104c04341 chromedriver + 611137\n5   chromedriver                        0x0000000104c36a74 chromedriver + 817780\n6   chromedriver                        0x0000000104c21b6d chromedriver + 732013\n7   chromedriver                        0x0000000104c34637 chromedriver + 808503\n8   chromedriver                        0x0000000104c21a33 chromedriver + 731699\n9   chromedriver                        0x0000000104bf75dd chromedriver + 558557\n10  chromedriver                        0x0000000104bf84f5 chromedriver + 562421\n11  chromedriver                        0x000000010500e38d chromedriver + 4846477\n12  chromedriver                        0x000000010502821c chromedriver + 4952604\n13  chromedriver                        0x000000010502da12 chromedriver + 4975122\n14  chromedriver                        0x0000000105028b4a chromedriver + 4954954\n15  chromedriver                        0x00000001050035b0 chromedriver + 4801968\n16  chromedriver                        0x0000000105042f78 chromedriver + 5062520\n17  chromedriver                        0x00000001050430ff chromedriver + 5062911\n18  chromedriver                        0x0000000105058545 chromedriver + 5150021\n19  libsystem_pthread.dylib             0x00007fff2030f8fc _pthread_start + 224\n20  libsystem_pthread.dylib             0x00007fff2030b443 thread_start + 15",
      "time" : {
        "start" : 1647340612907,
        "stop" : 1647340615724,
        "duration" : 2817
      }
    }, {
      "uid" : "97491a4cc3abb4f3",
      "status" : "broken",
      "statusDetails" : "selenium.common.exceptions.NoSuchElementException: Message: no such element: Unable to locate element: {\"method\":\"xpath\",\"selector\":\"//*[@id='app']/div/form/button\"}\n  (Session info: chrome=99.0.4844.51)\nStacktrace:\n0   chromedriver                        0x0000000102ee6159 chromedriver + 5120345\n1   chromedriver                        0x0000000102e73b13 chromedriver + 4651795\n2   chromedriver                        0x0000000102a63e68 chromedriver + 392808\n3   chromedriver                        0x0000000102a99181 chromedriver + 610689\n4   chromedriver                        0x0000000102a99341 chromedriver + 611137\n5   chromedriver                        0x0000000102acba74 chromedriver + 817780\n6   chromedriver                        0x0000000102ab6b6d chromedriver + 732013\n7   chromedriver                        0x0000000102ac9637 chromedriver + 808503\n8   chromedriver                        0x0000000102ab6a33 chromedriver + 731699\n9   chromedriver                        0x0000000102a8c5dd chromedriver + 558557\n10  chromedriver                        0x0000000102a8d4f5 chromedriver + 562421\n11  chromedriver                        0x0000000102ea338d chromedriver + 4846477\n12  chromedriver                        0x0000000102ebd21c chromedriver + 4952604\n13  chromedriver                        0x0000000102ec2a12 chromedriver + 4975122\n14  chromedriver                        0x0000000102ebdb4a chromedriver + 4954954\n15  chromedriver                        0x0000000102e985b0 chromedriver + 4801968\n16  chromedriver                        0x0000000102ed7f78 chromedriver + 5062520\n17  chromedriver                        0x0000000102ed80ff chromedriver + 5062911\n18  chromedriver                        0x0000000102eed545 chromedriver + 5150021\n19  libsystem_pthread.dylib             0x00007fff2030f8fc _pthread_start + 224\n20  libsystem_pthread.dylib             0x00007fff2030b443 thread_start + 15",
      "time" : {
        "start" : 1647340473116,
        "stop" : 1647340477136,
        "duration" : 4020
      }
    }, {
      "uid" : "aaf7e81916a8863e",
      "status" : "broken",
      "statusDetails" : "selenium.common.exceptions.NoSuchElementException: Message: no such element: Unable to locate element: {\"method\":\"xpath\",\"selector\":\"//*[@id='app']/div/form/button\"}\n  (Session info: chrome=99.0.4844.51)\nStacktrace:\n0   chromedriver                        0x0000000108b0c159 chromedriver + 5120345\n1   chromedriver                        0x0000000108a99b13 chromedriver + 4651795\n2   chromedriver                        0x0000000108689e68 chromedriver + 392808\n3   chromedriver                        0x00000001086bf181 chromedriver + 610689\n4   chromedriver                        0x00000001086bf341 chromedriver + 611137\n5   chromedriver                        0x00000001086f1a74 chromedriver + 817780\n6   chromedriver                        0x00000001086dcb6d chromedriver + 732013\n7   chromedriver                        0x00000001086ef637 chromedriver + 808503\n8   chromedriver                        0x00000001086dca33 chromedriver + 731699\n9   chromedriver                        0x00000001086b25dd chromedriver + 558557\n10  chromedriver                        0x00000001086b34f5 chromedriver + 562421\n11  chromedriver                        0x0000000108ac938d chromedriver + 4846477\n12  chromedriver                        0x0000000108ae321c chromedriver + 4952604\n13  chromedriver                        0x0000000108ae8a12 chromedriver + 4975122\n14  chromedriver                        0x0000000108ae3b4a chromedriver + 4954954\n15  chromedriver                        0x0000000108abe5b0 chromedriver + 4801968\n16  chromedriver                        0x0000000108afdf78 chromedriver + 5062520\n17  chromedriver                        0x0000000108afe0ff chromedriver + 5062911\n18  chromedriver                        0x0000000108b13545 chromedriver + 5150021\n19  libsystem_pthread.dylib             0x00007fff2030f8fc _pthread_start + 224\n20  libsystem_pthread.dylib             0x00007fff2030b443 thread_start + 15",
      "time" : {
        "start" : 1647340323166,
        "stop" : 1647340334647,
        "duration" : 11481
      }
    }, {
      "uid" : "72060cc10798b4fc",
      "status" : "broken",
      "statusDetails" : "selenium.common.exceptions.NoSuchElementException: Message: no such element: Unable to locate element: {\"method\":\"xpath\",\"selector\":\"//*[@id='app']/div/form/button\"}\n  (Session info: chrome=99.0.4844.51)\nStacktrace:\n0   chromedriver                        0x00000001062f6159 chromedriver + 5120345\n1   chromedriver                        0x0000000106283b13 chromedriver + 4651795\n2   chromedriver                        0x0000000105e73e68 chromedriver + 392808\n3   chromedriver                        0x0000000105ea9181 chromedriver + 610689\n4   chromedriver                        0x0000000105ea9341 chromedriver + 611137\n5   chromedriver                        0x0000000105edba74 chromedriver + 817780\n6   chromedriver                        0x0000000105ec6b6d chromedriver + 732013\n7   chromedriver                        0x0000000105ed9637 chromedriver + 808503\n8   chromedriver                        0x0000000105ec6a33 chromedriver + 731699\n9   chromedriver                        0x0000000105e9c5dd chromedriver + 558557\n10  chromedriver                        0x0000000105e9d4f5 chromedriver + 562421\n11  chromedriver                        0x00000001062b338d chromedriver + 4846477\n12  chromedriver                        0x00000001062cd21c chromedriver + 4952604\n13  chromedriver                        0x00000001062d2a12 chromedriver + 4975122\n14  chromedriver                        0x00000001062cdb4a chromedriver + 4954954\n15  chromedriver                        0x00000001062a85b0 chromedriver + 4801968\n16  chromedriver                        0x00000001062e7f78 chromedriver + 5062520\n17  chromedriver                        0x00000001062e80ff chromedriver + 5062911\n18  chromedriver                        0x00000001062fd545 chromedriver + 5150021\n19  libsystem_pthread.dylib             0x00007fff2030f8fc _pthread_start + 224\n20  libsystem_pthread.dylib             0x00007fff2030b443 thread_start + 15",
      "time" : {
        "start" : 1647339852420,
        "stop" : 1647339855192,
        "duration" : 2772
      }
    } ],
    "categories" : [ ],
    "tags" : [ ]
  },
  "source" : "556a3960fb540689.json",
  "parameterValues" : [ "[2, '输入正确用例，可以下载', 1, 'y', None]" ]
}