{
  "uid" : "85dbe27784f5be18",
  "name" : "test_02_file[file_name_info0]",
  "fullName" : "TestCase.test_vue.Test_Login_Vue#test_02_file",
  "historyId" : "4f977ac249d94f9cc2eae1e786cb6e41",
  "time" : {
    "start" : 1647333018188,
    "stop" : 1647333018188,
    "duration" : 0
  },
  "status" : "broken",
  "statusMessage" : "ValueError: too many values to unpack (expected 5)",
  "statusTrace" : "self = <TestCase.test_vue.Test_Login_Vue object at 0x7ffc41739130>\nfile_name_info = [1, '输入正确的文件名，提示下载成功', 0, 'y', None, None]\n\n    @pytest.mark.parametrize(\"file_name_info\", read_excel(\"./Data/data.xlsx\", \"export\"))\n    def test_02_file(self, file_name_info):\n        # print(file_name_info)\n>       index, case_name, file_name, is_exe, result = file_name_info\nE       ValueError: too many values to unpack (expected 5)\n\nTestCase/test_vue.py:33: ValueError",
  "flaky" : false,
  "newFailed" : false,
  "newBroken" : false,
  "newPassed" : false,
  "retriesCount" : 9,
  "retriesStatusChange" : true,
  "beforeStages" : [ {
    "name" : "_Class__pytest_setup_class",
    "time" : {
      "start" : 1647333013474,
      "stop" : 1647333015238,
      "duration" : 1764
    },
    "status" : "passed",
    "steps" : [ ],
    "attachments" : [ ],
    "parameters" : [ ],
    "stepsCount" : 0,
    "attachmentsCount" : 0,
    "shouldDisplayMessage" : false,
    "hasContent" : false
  } ],
  "afterStages" : [ {
    "name" : "_Class__pytest_setup_class::0",
    "time" : {
      "start" : 1647333018281,
      "stop" : 1647333020406,
      "duration" : 2125
    },
    "status" : "passed",
    "steps" : [ ],
    "attachments" : [ ],
    "parameters" : [ ],
    "stepsCount" : 0,
    "attachmentsCount" : 0,
    "shouldDisplayMessage" : false,
    "hasContent" : false
  } ],
  "labels" : [ {
    "name" : "parentSuite",
    "value" : "TestCase"
  }, {
    "name" : "suite",
    "value" : "test_vue"
  }, {
    "name" : "subSuite",
    "value" : "Test_Login_Vue"
  }, {
    "name" : "host",
    "value" : "localhost"
  }, {
    "name" : "thread",
    "value" : "10936-MainThread"
  }, {
    "name" : "framework",
    "value" : "pytest"
  }, {
    "name" : "language",
    "value" : "cpython3"
  }, {
    "name" : "package",
    "value" : "TestCase.test_vue"
  }, {
    "name" : "resultFormat",
    "value" : "allure2"
  } ],
  "parameters" : [ {
    "name" : "file_name_info",
    "value" : "[1, '输入正确的文件名，提示下载成功', 0, 'y', None, None]"
  } ],
  "links" : [ ],
  "hidden" : false,
  "retry" : false,
  "extra" : {
    "severity" : "normal",
    "retries" : [ {
      "uid" : "4b50e5fd1b4cbbec",
      "status" : "broken",
      "statusDetails" : "ValueError: too many values to unpack (expected 5)",
      "time" : {
        "start" : 1647332889390,
        "stop" : 1647332889390,
        "duration" : 0
      }
    }, {
      "uid" : "1966a14e97092d36",
      "status" : "broken",
      "statusDetails" : "selenium.common.exceptions.WebDriverException: Message: Can not connect to the Service chromedriver",
      "time" : {
        "start" : 1647331833435,
        "stop" : 1647331833435,
        "duration" : 0
      }
    }, {
      "uid" : "546285c20b0681fc",
      "status" : "broken",
      "statusDetails" : "selenium.common.exceptions.WebDriverException: Message: Can not connect to the Service chromedriver",
      "time" : {
        "start" : 1647331748423,
        "stop" : 1647331748424,
        "duration" : 1
      }
    }, {
      "uid" : "e981fcdb7cddb0a8",
      "status" : "broken",
      "statusDetails" : "selenium.common.exceptions.WebDriverException: Message: Can not connect to the Service chromedriver",
      "time" : {
        "start" : 1647331604418,
        "stop" : 1647331604418,
        "duration" : 0
      }
    }, {
      "uid" : "4d93a8229e74cc25",
      "status" : "broken",
      "statusDetails" : "selenium.common.exceptions.WebDriverException: Message: Can not connect to the Service chromedriver",
      "time" : {
        "start" : 1647331512598,
        "stop" : 1647331512598,
        "duration" : 0
      }
    }, {
      "uid" : "804701d15c0237f",
      "status" : "broken",
      "statusDetails" : "ValueError: too many values to unpack (expected 5)",
      "time" : {
        "start" : 1647309470890,
        "stop" : 1647309470890,
        "duration" : 0
      }
    }, {
      "uid" : "9f1eab1c059975ef",
      "status" : "broken",
      "statusDetails" : "ValueError: too many values to unpack (expected 5)",
      "time" : {
        "start" : 1647309360701,
        "stop" : 1647309360701,
        "duration" : 0
      }
    }, {
      "uid" : "40791ef37fee1d33",
      "status" : "passed",
      "time" : {
        "start" : 1646293852928,
        "stop" : 1646293856461,
        "duration" : 3533
      }
    }, {
      "uid" : "33d843089d222bb6",
      "status" : "broken",
      "statusDetails" : "selenium.common.exceptions.NoSuchElementException: Message: no such element: Unable to locate element: {\"method\":\"xpath\",\"selector\":\"//*[@id='app']/div/form/button\"}\n  (Session info: chrome=99.0.4844.51)\nStacktrace:\n0   chromedriver                        0x000000010a308ee9 chromedriver + 5013225\n1   chromedriver                        0x000000010a2941d3 chromedriver + 4534739\n2   chromedriver                        0x0000000109e6aa68 chromedriver + 170600\n3   chromedriver                        0x0000000109e9f152 chromedriver + 385362\n4   chromedriver                        0x0000000109e9f311 chromedriver + 385809\n5   chromedriver                        0x0000000109ed1324 chromedriver + 590628\n6   chromedriver                        0x0000000109ebc80d chromedriver + 505869\n7   chromedriver                        0x0000000109ecf074 chromedriver + 581748\n8   chromedriver                        0x0000000109ebc6d3 chromedriver + 505555\n9   chromedriver                        0x0000000109e9276e chromedriver + 333678\n10  chromedriver                        0x0000000109e93745 chromedriver + 337733\n11  chromedriver                        0x000000010a2c4efe chromedriver + 4734718\n12  chromedriver                        0x000000010a2dea19 chromedriver + 4839961\n13  chromedriver                        0x000000010a2e41c8 chromedriver + 4862408\n14  chromedriver                        0x000000010a2df3aa chromedriver + 4842410\n15  chromedriver                        0x000000010a2b9a01 chromedriver + 4688385\n16  chromedriver                        0x000000010a2fa538 chromedriver + 4953400\n17  chromedriver                        0x000000010a2fa6c1 chromedriver + 4953793\n18  chromedriver                        0x000000010a310225 chromedriver + 5042725\n19  libsystem_pthread.dylib             0x00007fff203a98fc _pthread_start + 224\n20  libsystem_pthread.dylib             0x00007fff203a5443 thread_start + 15",
      "time" : {
        "start" : 1646293804742,
        "stop" : 1646293809487,
        "duration" : 4745
      }
    } ],
    "categories" : [ {
      "name" : "Test defects",
      "matchedStatuses" : [ ],
      "flaky" : false
    } ],
    "tags" : [ ]
  },
  "source" : "85dbe27784f5be18.json",
  "parameterValues" : [ "[1, '输入正确的文件名，提示下载成功', 0, 'y', None, None]" ]
}