{
  "uid" : "8a00d35542400acd",
  "name" : "test_02_file[file_name_info2]",
  "fullName" : "TestCase.test_vue.Test_Login_Vue#test_02_file",
  "historyId" : "c5a62fc1f8d1828e03df3941bf28128b",
  "time" : {
    "start" : 1647332889475,
    "stop" : 1647332889476,
    "duration" : 1
  },
  "status" : "broken",
  "statusMessage" : "ValueError: too many values to unpack (expected 5)",
  "statusTrace" : "self = <TestCase.test_vue.Test_Login_Vue object at 0x7fb49f31e250>\nfile_name_info = [None, None, None, None, None, None]\n\n    @pytest.mark.parametrize(\"file_name_info\", read_excel(\"./Data/data.xlsx\", \"export\"))\n    def test_02_file(self, file_name_info):\n        # print(file_name_info)\n>       index, case_name, file_name, is_exe, result = file_name_info\nE       ValueError: too many values to unpack (expected 5)\n\nTestCase/test_vue.py:33: ValueError",
  "flaky" : false,
  "newFailed" : false,
  "newBroken" : false,
  "newPassed" : false,
  "retriesCount" : 6,
  "retriesStatusChange" : false,
  "beforeStages" : [ {
    "name" : "_Class__pytest_setup_class",
    "time" : {
      "start" : 1647332882138,
      "stop" : 1647332883857,
      "duration" : 1719
    },
    "status" : "passed",
    "steps" : [ ],
    "attachments" : [ ],
    "parameters" : [ ],
    "stepsCount" : 0,
    "attachmentsCount" : 0,
    "shouldDisplayMessage" : false,
    "hasContent" : false
  } ],
  "afterStages" : [ {
    "name" : "_Class__pytest_setup_class::0",
    "time" : {
      "start" : 1647332889483,
      "stop" : 1647332891638,
      "duration" : 2155
    },
    "status" : "passed",
    "steps" : [ ],
    "attachments" : [ ],
    "parameters" : [ ],
    "stepsCount" : 0,
    "attachmentsCount" : 0,
    "shouldDisplayMessage" : false,
    "hasContent" : false
  } ],
  "labels" : [ {
    "name" : "parentSuite",
    "value" : "TestCase"
  }, {
    "name" : "suite",
    "value" : "test_vue"
  }, {
    "name" : "subSuite",
    "value" : "Test_Login_Vue"
  }, {
    "name" : "host",
    "value" : "localhost"
  }, {
    "name" : "thread",
    "value" : "10808-MainThread"
  }, {
    "name" : "framework",
    "value" : "pytest"
  }, {
    "name" : "language",
    "value" : "cpython3"
  }, {
    "name" : "package",
    "value" : "TestCase.test_vue"
  }, {
    "name" : "resultFormat",
    "value" : "allure2"
  } ],
  "parameters" : [ {
    "name" : "file_name_info",
    "value" : "[None, None, None, None, None, None]"
  } ],
  "links" : [ ],
  "hidden" : false,
  "retry" : false,
  "extra" : {
    "severity" : "normal",
    "retries" : [ {
      "uid" : "b85c7e269783fb32",
      "status" : "broken",
      "statusDetails" : "selenium.common.exceptions.WebDriverException: Message: Can not connect to the Service chromedriver",
      "time" : {
        "start" : 1647331833458,
        "stop" : 1647331833458,
        "duration" : 0
      }
    }, {
      "uid" : "34c5d532230bf82b",
      "status" : "broken",
      "statusDetails" : "selenium.common.exceptions.WebDriverException: Message: Can not connect to the Service chromedriver",
      "time" : {
        "start" : 1647331748457,
        "stop" : 1647331748457,
        "duration" : 0
      }
    }, {
      "uid" : "72c8aa2cd37290cb",
      "status" : "broken",
      "statusDetails" : "selenium.common.exceptions.WebDriverException: Message: Can not connect to the Service chromedriver",
      "time" : {
        "start" : 1647331604446,
        "stop" : 1647331604446,
        "duration" : 0
      }
    }, {
      "uid" : "f6ece160cd0479df",
      "status" : "broken",
      "statusDetails" : "selenium.common.exceptions.WebDriverException: Message: Can not connect to the Service chromedriver",
      "time" : {
        "start" : 1647331512620,
        "stop" : 1647331512620,
        "duration" : 0
      }
    }, {
      "uid" : "43bad8b58621bbc",
      "status" : "broken",
      "statusDetails" : "ValueError: too many values to unpack (expected 5)",
      "time" : {
        "start" : 1647309470973,
        "stop" : 1647309470973,
        "duration" : 0
      }
    }, {
      "uid" : "c53594ba1902029d",
      "status" : "broken",
      "statusDetails" : "ValueError: too many values to unpack (expected 5)",
      "time" : {
        "start" : 1647309360709,
        "stop" : 1647309360709,
        "duration" : 0
      }
    } ],
    "categories" : [ {
      "name" : "Test defects",
      "matchedStatuses" : [ ],
      "flaky" : false
    } ],
    "tags" : [ ]
  },
  "source" : "8a00d35542400acd.json",
  "parameterValues" : [ "[None, None, None, None, None, None]" ]
}