{
  "uid" : "b371855947685458",
  "name" : "test_02_file[file_name_info1]",
  "fullName" : "TestCase.test_vue.Test_Login_Vue#test_02_file",
  "historyId" : "d7f73096832c045b1e34718b57c5e48a",
  "time" : {
    "start" : 1647339594157,
    "stop" : 1647339596951,
    "duration" : 2794
  },
  "status" : "broken",
  "statusMessage" : "selenium.common.exceptions.NoSuchElementException: Message: no such element: Unable to locate element: {\"method\":\"xpath\",\"selector\":\"//*[@id='app']/div/form/button\"}\n  (Session info: chrome=99.0.4844.51)\nStacktrace:\n0   chromedriver                        0x000000010669f159 chromedriver + 5120345\n1   chromedriver                        0x000000010662cb13 chromedriver + 4651795\n2   chromedriver                        0x000000010621ce68 chromedriver + 392808\n3   chromedriver                        0x0000000106252181 chromedriver + 610689\n4   chromedriver                        0x0000000106252341 chromedriver + 611137\n5   chromedriver                        0x0000000106284a74 chromedriver + 817780\n6   chromedriver                        0x000000010626fb6d chromedriver + 732013\n7   chromedriver                        0x0000000106282637 chromedriver + 808503\n8   chromedriver                        0x000000010626fa33 chromedriver + 731699\n9   chromedriver                        0x00000001062455dd chromedriver + 558557\n10  chromedriver                        0x00000001062464f5 chromedriver + 562421\n11  chromedriver                        0x000000010665c38d chromedriver + 4846477\n12  chromedriver                        0x000000010667621c chromedriver + 4952604\n13  chromedriver                        0x000000010667ba12 chromedriver + 4975122\n14  chromedriver                        0x0000000106676b4a chromedriver + 4954954\n15  chromedriver                        0x00000001066515b0 chromedriver + 4801968\n16  chromedriver                        0x0000000106690f78 chromedriver + 5062520\n17  chromedriver                        0x00000001066910ff chromedriver + 5062911\n18  chromedriver                        0x00000001066a6545 chromedriver + 5150021\n19  libsystem_pthread.dylib             0x00007fff2030f8fc _pthread_start + 224\n20  libsystem_pthread.dylib             0x00007fff2030b443 thread_start + 15",
  "statusTrace" : "self = <TestCase.test_vue.Test_Login_Vue object at 0x7fbd2c993a00>\nfile_name_info = [2, '输入正确用例，可以下载', 1, 'y', None]\n\n    @pytest.mark.parametrize(\"file_name_info\", read_excel(\"/Users/yangzhiqi/PycharmProjects/Selenium/Data/data.xlsx\", \"export\"))\n    def test_02_file(self, file_name_info):\n        # print(file_name_info)\n        index, case_name, file_name, is_exe, result = file_name_info\n    \n        login = LoginPage(self.driver)  # 实例化对象\n>       login.login_vue()\n\nTestCase/test_vue.py:34: \n_ _ _ _ _ _ _ _ _ _ _ _ _ _ _ _ _ _ _ _ _ _ _ _ _ _ _ _ _ _ _ _ _ _ _ _ _ _ _ _ \nPageObject/login_page.py:20: in login_vue\n    self.click(self.submit_login)\nBase/base_page.py:35: in click\n    self.locate_element(args).click()\nBase/base_page.py:27: in locate_element\n    return self.driver.find_element(*args)  # 要点击等，需要return返回\nvenv/lib/python3.9/site-packages/selenium/webdriver/remote/webdriver.py:1248: in find_element\n    return self.execute(Command.FIND_ELEMENT, {\nvenv/lib/python3.9/site-packages/selenium/webdriver/remote/webdriver.py:425: in execute\n    self.error_handler.check_response(response)\n_ _ _ _ _ _ _ _ _ _ _ _ _ _ _ _ _ _ _ _ _ _ _ _ _ _ _ _ _ _ _ _ _ _ _ _ _ _ _ _ \n\nself = <selenium.webdriver.remote.errorhandler.ErrorHandler object at 0x7fbd2c97cd30>\nresponse = {'status': 404, 'value': '{\"value\":{\"error\":\"no such element\",\"message\":\"no such element: Unable to locate element: {\\...fff2030f8fc _pthread_start + 224\\\\n20  libsystem_pthread.dylib             0x00007fff2030b443 thread_start + 15\\\\n\"}}'}\n\n    def check_response(self, response: Dict[str, Any]) -> None:\n        \"\"\"\n        Checks that a JSON response from the WebDriver does not have an error.\n    \n        :Args:\n         - response - The JSON response from the WebDriver server as a dictionary\n           object.\n    \n        :Raises: If the response contains an error message.\n        \"\"\"\n        status = response.get('status', None)\n        if not status or status == ErrorCode.SUCCESS:\n            return\n        value = None\n        message = response.get(\"message\", \"\")\n        screen: str = response.get(\"screen\", \"\")\n        stacktrace = None\n        if isinstance(status, int):\n            value_json = response.get('value', None)\n            if value_json and isinstance(value_json, str):\n                import json\n                try:\n                    value = json.loads(value_json)\n                    if len(value.keys()) == 1:\n                        value = value['value']\n                    status = value.get('error', None)\n                    if not status:\n                        status = value.get(\"status\", ErrorCode.UNKNOWN_ERROR)\n                        message = value.get(\"value\") or value.get(\"message\")\n                        if not isinstance(message, str):\n                            value = message\n                            message = message.get('message')\n                    else:\n                        message = value.get('message', None)\n                except ValueError:\n                    pass\n    \n        exception_class: Type[WebDriverException]\n        if status in ErrorCode.NO_SUCH_ELEMENT:\n            exception_class = NoSuchElementException\n        elif status in ErrorCode.NO_SUCH_FRAME:\n            exception_class = NoSuchFrameException\n        elif status in ErrorCode.NO_SUCH_SHADOW_ROOT:\n            exception_class = NoSuchShadowRootException\n        elif status in ErrorCode.NO_SUCH_WINDOW:\n            exception_class = NoSuchWindowException\n        elif status in ErrorCode.STALE_ELEMENT_REFERENCE:\n            exception_class = StaleElementReferenceException\n        elif status in ErrorCode.ELEMENT_NOT_VISIBLE:\n            exception_class = ElementNotVisibleException\n        elif status in ErrorCode.INVALID_ELEMENT_STATE:\n            exception_class = InvalidElementStateException\n        elif status in ErrorCode.INVALID_SELECTOR \\\n                or status in ErrorCode.INVALID_XPATH_SELECTOR \\\n                or status in ErrorCode.INVALID_XPATH_SELECTOR_RETURN_TYPER:\n            exception_class = InvalidSelectorException\n        elif status in ErrorCode.ELEMENT_IS_NOT_SELECTABLE:\n            exception_class = ElementNotSelectableException\n        elif status in ErrorCode.ELEMENT_NOT_INTERACTABLE:\n            exception_class = ElementNotInteractableException\n        elif status in ErrorCode.INVALID_COOKIE_DOMAIN:\n            exception_class = InvalidCookieDomainException\n        elif status in ErrorCode.UNABLE_TO_SET_COOKIE:\n            exception_class = UnableToSetCookieException\n        elif status in ErrorCode.TIMEOUT:\n            exception_class = TimeoutException\n        elif status in ErrorCode.SCRIPT_TIMEOUT:\n            exception_class = TimeoutException\n        elif status in ErrorCode.UNKNOWN_ERROR:\n            exception_class = WebDriverException\n        elif status in ErrorCode.UNEXPECTED_ALERT_OPEN:\n            exception_class = UnexpectedAlertPresentException\n        elif status in ErrorCode.NO_ALERT_OPEN:\n            exception_class = NoAlertPresentException\n        elif status in ErrorCode.IME_NOT_AVAILABLE:\n            exception_class = ImeNotAvailableException\n        elif status in ErrorCode.IME_ENGINE_ACTIVATION_FAILED:\n            exception_class = ImeActivationFailedException\n        elif status in ErrorCode.MOVE_TARGET_OUT_OF_BOUNDS:\n            exception_class = MoveTargetOutOfBoundsException\n        elif status in ErrorCode.JAVASCRIPT_ERROR:\n            exception_class = JavascriptException\n        elif status in ErrorCode.SESSION_NOT_CREATED:\n            exception_class = SessionNotCreatedException\n        elif status in ErrorCode.INVALID_ARGUMENT:\n            exception_class = InvalidArgumentException\n        elif status in ErrorCode.NO_SUCH_COOKIE:\n            exception_class = NoSuchCookieException\n        elif status in ErrorCode.UNABLE_TO_CAPTURE_SCREEN:\n            exception_class = ScreenshotException\n        elif status in ErrorCode.ELEMENT_CLICK_INTERCEPTED:\n            exception_class = ElementClickInterceptedException\n        elif status in ErrorCode.INSECURE_CERTIFICATE:\n            exception_class = InsecureCertificateException\n        elif status in ErrorCode.INVALID_COORDINATES:\n            exception_class = InvalidCoordinatesException\n        elif status in ErrorCode.INVALID_SESSION_ID:\n            exception_class = InvalidSessionIdException\n        elif status in ErrorCode.UNKNOWN_METHOD:\n            exception_class = UnknownMethodException\n        else:\n            exception_class = WebDriverException\n        if not value:\n            value = response['value']\n        if isinstance(value, str):\n            raise exception_class(value)\n        if message == \"\" and 'message' in value:\n            message = value['message']\n    \n        screen = None  # type: ignore[assignment]\n        if 'screen' in value:\n            screen = value['screen']\n    \n        stacktrace = None\n        st_value = value.get('stackTrace') or value.get('stacktrace')\n        if st_value:\n            if isinstance(st_value, str):\n                stacktrace = st_value.split('\\n')\n            else:\n                stacktrace = []\n                try:\n                    for frame in st_value:\n                        line = self._value_or_default(frame, 'lineNumber', '')\n                        file = self._value_or_default(frame, 'fileName', '<anonymous>')\n                        if line:\n                            file = \"%s:%s\" % (file, line)\n                        meth = self._value_or_default(frame, 'methodName', '<anonymous>')\n                        if 'className' in frame:\n                            meth = \"%s.%s\" % (frame['className'], meth)\n                        msg = \"    at %s (%s)\"\n                        msg = msg % (meth, file)\n                        stacktrace.append(msg)\n                except TypeError:\n                    pass\n        if exception_class == UnexpectedAlertPresentException:\n            alert_text = None\n            if 'data' in value:\n                alert_text = value['data'].get('text')\n            elif 'alert' in value:\n                alert_text = value['alert'].get('text')\n            raise exception_class(message, screen, stacktrace, alert_text)  # type: ignore[call-arg]  # mypy is not smart enough here\n>       raise exception_class(message, screen, stacktrace)\nE       selenium.common.exceptions.NoSuchElementException: Message: no such element: Unable to locate element: {\"method\":\"xpath\",\"selector\":\"//*[@id='app']/div/form/button\"}\nE         (Session info: chrome=99.0.4844.51)\nE       Stacktrace:\nE       0   chromedriver                        0x000000010669f159 chromedriver + 5120345\nE       1   chromedriver                        0x000000010662cb13 chromedriver + 4651795\nE       2   chromedriver                        0x000000010621ce68 chromedriver + 392808\nE       3   chromedriver                        0x0000000106252181 chromedriver + 610689\nE       4   chromedriver                        0x0000000106252341 chromedriver + 611137\nE       5   chromedriver                        0x0000000106284a74 chromedriver + 817780\nE       6   chromedriver                        0x000000010626fb6d chromedriver + 732013\nE       7   chromedriver                        0x0000000106282637 chromedriver + 808503\nE       8   chromedriver                        0x000000010626fa33 chromedriver + 731699\nE       9   chromedriver                        0x00000001062455dd chromedriver + 558557\nE       10  chromedriver                        0x00000001062464f5 chromedriver + 562421\nE       11  chromedriver                        0x000000010665c38d chromedriver + 4846477\nE       12  chromedriver                        0x000000010667621c chromedriver + 4952604\nE       13  chromedriver                        0x000000010667ba12 chromedriver + 4975122\nE       14  chromedriver                        0x0000000106676b4a chromedriver + 4954954\nE       15  chromedriver                        0x00000001066515b0 chromedriver + 4801968\nE       16  chromedriver                        0x0000000106690f78 chromedriver + 5062520\nE       17  chromedriver                        0x00000001066910ff chromedriver + 5062911\nE       18  chromedriver                        0x00000001066a6545 chromedriver + 5150021\nE       19  libsystem_pthread.dylib             0x00007fff2030f8fc _pthread_start + 224\nE       20  libsystem_pthread.dylib             0x00007fff2030b443 thread_start + 15\n\nvenv/lib/python3.9/site-packages/selenium/webdriver/remote/errorhandler.py:247: NoSuchElementException",
  "flaky" : false,
  "newFailed" : false,
  "newBroken" : false,
  "newPassed" : false,
  "retriesCount" : 14,
  "retriesStatusChange" : false,
  "beforeStages" : [ {
    "name" : "_Class__pytest_setup_class",
    "time" : {
      "start" : 1647339585855,
      "stop" : 1647339587761,
      "duration" : 1906
    },
    "status" : "passed",
    "steps" : [ ],
    "attachments" : [ ],
    "parameters" : [ ],
    "stepsCount" : 0,
    "attachmentsCount" : 0,
    "shouldDisplayMessage" : false,
    "hasContent" : false
  } ],
  "afterStages" : [ {
    "name" : "_Class__pytest_setup_class::0",
    "time" : {
      "start" : 1647339597075,
      "stop" : 1647339599201,
      "duration" : 2126
    },
    "status" : "passed",
    "steps" : [ ],
    "attachments" : [ ],
    "parameters" : [ ],
    "stepsCount" : 0,
    "attachmentsCount" : 0,
    "shouldDisplayMessage" : false,
    "hasContent" : false
  } ],
  "labels" : [ {
    "name" : "parentSuite",
    "value" : "TestCase"
  }, {
    "name" : "suite",
    "value" : "test_vue"
  }, {
    "name" : "subSuite",
    "value" : "Test_Login_Vue"
  }, {
    "name" : "host",
    "value" : "localhost"
  }, {
    "name" : "thread",
    "value" : "13871-MainThread"
  }, {
    "name" : "framework",
    "value" : "pytest"
  }, {
    "name" : "language",
    "value" : "cpython3"
  }, {
    "name" : "package",
    "value" : "TestCase.test_vue"
  }, {
    "name" : "resultFormat",
    "value" : "allure2"
  } ],
  "parameters" : [ {
    "name" : "file_name_info",
    "value" : "[2, '输入正确用例，可以下载', 1, 'y', None]"
  } ],
  "links" : [ ],
  "hidden" : false,
  "retry" : false,
  "extra" : {
    "severity" : "normal",
    "retries" : [ {
      "uid" : "f1dbdfd96e03ce67",
      "status" : "broken",
      "statusDetails" : "selenium.common.exceptions.NoSuchWindowException: Message: no such window: target window already closed\nfrom unknown error: web view not found\n  (Session info: chrome=99.0.4844.51)\nStacktrace:\n0   chromedriver                        0x000000010c9ca159 chromedriver + 5120345\n1   chromedriver                        0x000000010c957b13 chromedriver + 4651795\n2   chromedriver                        0x000000010c547e68 chromedriver + 392808\n3   chromedriver                        0x000000010c52818c chromedriver + 262540\n4   chromedriver                        0x000000010c59e0cb chromedriver + 745675\n5   chromedriver                        0x000000010c5acd5f chromedriver + 806239\n6   chromedriver                        0x000000010c59aa33 chromedriver + 731699\n7   chromedriver                        0x000000010c5705dd chromedriver + 558557\n8   chromedriver                        0x000000010c5714f5 chromedriver + 562421\n9   chromedriver                        0x000000010c98738d chromedriver + 4846477\n10  chromedriver                        0x000000010c9a121c chromedriver + 4952604\n11  chromedriver                        0x000000010c9a6a12 chromedriver + 4975122\n12  chromedriver                        0x000000010c9a1b4a chromedriver + 4954954\n13  chromedriver                        0x000000010c97c5b0 chromedriver + 4801968\n14  chromedriver                        0x000000010c9bbf78 chromedriver + 5062520\n15  chromedriver                        0x000000010c9bc0ff chromedriver + 5062911\n16  chromedriver                        0x000000010c9d1545 chromedriver + 5150021\n17  libsystem_pthread.dylib             0x00007fff2030f8fc _pthread_start + 224\n18  libsystem_pthread.dylib             0x00007fff2030b443 thread_start + 15",
      "time" : {
        "start" : 1647339491555,
        "stop" : 1647339491556,
        "duration" : 1
      }
    }, {
      "uid" : "efeff24a3640a1b4",
      "status" : "broken",
      "statusDetails" : "ValueError: too many values to unpack (expected 5)",
      "time" : {
        "start" : 1647339344711,
        "stop" : 1647339344711,
        "duration" : 0
      }
    }, {
      "uid" : "5e3f1ce0aac0dfd9",
      "status" : "broken",
      "statusDetails" : "ValueError: too many values to unpack (expected 5)",
      "time" : {
        "start" : 1647339303227,
        "stop" : 1647339303227,
        "duration" : 0
      }
    }, {
      "uid" : "2d8c555738b56eed",
      "status" : "broken",
      "statusDetails" : "selenium.common.exceptions.NoSuchElementException: Message: no such element: Unable to locate element: {\"method\":\"xpath\",\"selector\":\"//*[@id='app']/div/form/button\"}\n  (Session info: chrome=99.0.4844.51)\nStacktrace:\n0   chromedriver                        0x000000010c4fc159 chromedriver + 5120345\n1   chromedriver                        0x000000010c489b13 chromedriver + 4651795\n2   chromedriver                        0x000000010c079e68 chromedriver + 392808\n3   chromedriver                        0x000000010c0af181 chromedriver + 610689\n4   chromedriver                        0x000000010c0af341 chromedriver + 611137\n5   chromedriver                        0x000000010c0e1a74 chromedriver + 817780\n6   chromedriver                        0x000000010c0ccb6d chromedriver + 732013\n7   chromedriver                        0x000000010c0df637 chromedriver + 808503\n8   chromedriver                        0x000000010c0cca33 chromedriver + 731699\n9   chromedriver                        0x000000010c0a25dd chromedriver + 558557\n10  chromedriver                        0x000000010c0a34f5 chromedriver + 562421\n11  chromedriver                        0x000000010c4b938d chromedriver + 4846477\n12  chromedriver                        0x000000010c4d321c chromedriver + 4952604\n13  chromedriver                        0x000000010c4d8a12 chromedriver + 4975122\n14  chromedriver                        0x000000010c4d3b4a chromedriver + 4954954\n15  chromedriver                        0x000000010c4ae5b0 chromedriver + 4801968\n16  chromedriver                        0x000000010c4edf78 chromedriver + 5062520\n17  chromedriver                        0x000000010c4ee0ff chromedriver + 5062911\n18  chromedriver                        0x000000010c503545 chromedriver + 5150021\n19  libsystem_pthread.dylib             0x00007fff2030f8fc _pthread_start + 224\n20  libsystem_pthread.dylib             0x00007fff2030b443 thread_start + 15",
      "time" : {
        "start" : 1647337608426,
        "stop" : 1647337609423,
        "duration" : 997
      }
    }, {
      "uid" : "1affcb0f4f530898",
      "status" : "broken",
      "statusDetails" : "ValueError: too many values to unpack (expected 5)",
      "time" : {
        "start" : 1647333018275,
        "stop" : 1647333018275,
        "duration" : 0
      }
    }, {
      "uid" : "c483e1427e15855c",
      "status" : "broken",
      "statusDetails" : "ValueError: too many values to unpack (expected 5)",
      "time" : {
        "start" : 1647332889471,
        "stop" : 1647332889471,
        "duration" : 0
      }
    }, {
      "uid" : "44c265acf70b6f5c",
      "status" : "broken",
      "statusDetails" : "selenium.common.exceptions.WebDriverException: Message: Can not connect to the Service chromedriver",
      "time" : {
        "start" : 1647331833447,
        "stop" : 1647331833447,
        "duration" : 0
      }
    }, {
      "uid" : "fe7d2987d3ee604e",
      "status" : "broken",
      "statusDetails" : "selenium.common.exceptions.WebDriverException: Message: Can not connect to the Service chromedriver",
      "time" : {
        "start" : 1647331748439,
        "stop" : 1647331748439,
        "duration" : 0
      }
    }, {
      "uid" : "23ee3c75768efe80",
      "status" : "broken",
      "statusDetails" : "selenium.common.exceptions.WebDriverException: Message: Can not connect to the Service chromedriver",
      "time" : {
        "start" : 1647331604430,
        "stop" : 1647331604430,
        "duration" : 0
      }
    }, {
      "uid" : "e2d8dc2c436c564a",
      "status" : "broken",
      "statusDetails" : "selenium.common.exceptions.WebDriverException: Message: Can not connect to the Service chromedriver",
      "time" : {
        "start" : 1647331512608,
        "stop" : 1647331512608,
        "duration" : 0
      }
    }, {
      "uid" : "528faf5ff3daad8d",
      "status" : "broken",
      "statusDetails" : "ValueError: too many values to unpack (expected 5)",
      "time" : {
        "start" : 1647309470969,
        "stop" : 1647309470969,
        "duration" : 0
      }
    }, {
      "uid" : "6012055a348d1b6d",
      "status" : "broken",
      "statusDetails" : "ValueError: too many values to unpack (expected 5)",
      "time" : {
        "start" : 1647309360705,
        "stop" : 1647309360705,
        "duration" : 0
      }
    }, {
      "uid" : "6fe8df54fb01fbd9",
      "status" : "broken",
      "statusDetails" : "selenium.common.exceptions.NoSuchElementException: Message: no such element: Unable to locate element: {\"method\":\"xpath\",\"selector\":\"//*[@id='app']/div/form/button\"}\n  (Session info: chrome=99.0.4844.51)\nStacktrace:\n0   chromedriver                        0x0000000103ec2ee9 chromedriver + 5013225\n1   chromedriver                        0x0000000103e4e1d3 chromedriver + 4534739\n2   chromedriver                        0x0000000103a24a68 chromedriver + 170600\n3   chromedriver                        0x0000000103a59152 chromedriver + 385362\n4   chromedriver                        0x0000000103a59311 chromedriver + 385809\n5   chromedriver                        0x0000000103a8b324 chromedriver + 590628\n6   chromedriver                        0x0000000103a7680d chromedriver + 505869\n7   chromedriver                        0x0000000103a89074 chromedriver + 581748\n8   chromedriver                        0x0000000103a766d3 chromedriver + 505555\n9   chromedriver                        0x0000000103a4c76e chromedriver + 333678\n10  chromedriver                        0x0000000103a4d745 chromedriver + 337733\n11  chromedriver                        0x0000000103e7eefe chromedriver + 4734718\n12  chromedriver                        0x0000000103e98a19 chromedriver + 4839961\n13  chromedriver                        0x0000000103e9e1c8 chromedriver + 4862408\n14  chromedriver                        0x0000000103e993aa chromedriver + 4842410\n15  chromedriver                        0x0000000103e73a01 chromedriver + 4688385\n16  chromedriver                        0x0000000103eb4538 chromedriver + 4953400\n17  chromedriver                        0x0000000103eb46c1 chromedriver + 4953793\n18  chromedriver                        0x0000000103eca225 chromedriver + 5042725\n19  libsystem_pthread.dylib             0x00007fff203a98fc _pthread_start + 224\n20  libsystem_pthread.dylib             0x00007fff203a5443 thread_start + 15",
      "time" : {
        "start" : 1646293856465,
        "stop" : 1646293859440,
        "duration" : 2975
      }
    }, {
      "uid" : "607df18e4d0df635",
      "status" : "broken",
      "statusDetails" : "selenium.common.exceptions.NoSuchElementException: Message: no such element: Unable to locate element: {\"method\":\"xpath\",\"selector\":\"//*[@id='app']/div/form/button\"}\n  (Session info: chrome=99.0.4844.51)\nStacktrace:\n0   chromedriver                        0x000000010a308ee9 chromedriver + 5013225\n1   chromedriver                        0x000000010a2941d3 chromedriver + 4534739\n2   chromedriver                        0x0000000109e6aa68 chromedriver + 170600\n3   chromedriver                        0x0000000109e9f152 chromedriver + 385362\n4   chromedriver                        0x0000000109e9f311 chromedriver + 385809\n5   chromedriver                        0x0000000109ed1324 chromedriver + 590628\n6   chromedriver                        0x0000000109ebc80d chromedriver + 505869\n7   chromedriver                        0x0000000109ecf074 chromedriver + 581748\n8   chromedriver                        0x0000000109ebc6d3 chromedriver + 505555\n9   chromedriver                        0x0000000109e9276e chromedriver + 333678\n10  chromedriver                        0x0000000109e93745 chromedriver + 337733\n11  chromedriver                        0x000000010a2c4efe chromedriver + 4734718\n12  chromedriver                        0x000000010a2dea19 chromedriver + 4839961\n13  chromedriver                        0x000000010a2e41c8 chromedriver + 4862408\n14  chromedriver                        0x000000010a2df3aa chromedriver + 4842410\n15  chromedriver                        0x000000010a2b9a01 chromedriver + 4688385\n16  chromedriver                        0x000000010a2fa538 chromedriver + 4953400\n17  chromedriver                        0x000000010a2fa6c1 chromedriver + 4953793\n18  chromedriver                        0x000000010a310225 chromedriver + 5042725\n19  libsystem_pthread.dylib             0x00007fff203a98fc _pthread_start + 224\n20  libsystem_pthread.dylib             0x00007fff203a5443 thread_start + 15",
      "time" : {
        "start" : 1646293809711,
        "stop" : 1646293810957,
        "duration" : 1246
      }
    } ],
    "categories" : [ {
      "name" : "Test defects",
      "matchedStatuses" : [ ],
      "flaky" : false
    } ],
    "tags" : [ ]
  },
  "source" : "b371855947685458.json",
  "parameterValues" : [ "[2, '输入正确用例，可以下载', 1, 'y', None]" ]
}