{
  "uid" : "cbf73615ada4955a",
  "name" : "test_01_login",
  "fullName" : "TestCase.test_vue.Test_Login_Vue#test_01_login",
  "historyId" : "3ac5a797f6e4915dedbb644a3353598a",
  "time" : {
    "start" : 1647309351404,
    "stop" : 1647309360581,
    "duration" : 9177
  },
  "status" : "broken",
  "statusMessage" : "selenium.common.exceptions.NoSuchWindowException: Message: no such window: target window already closed\nfrom unknown error: web view not found\n  (Session info: chrome=99.0.4844.51)\nStacktrace:\n0   chromedriver                        0x00000001090dfee9 chromedriver + 5013225\n1   chromedriver                        0x000000010906b1d3 chromedriver + 4534739\n2   chromedriver                        0x0000000108c41a68 chromedriver + 170600\n3   chromedriver                        0x0000000108c2310e chromedriver + 45326\n4   chromedriver                        0x0000000108c96dbc chromedriver + 519612\n5   chromedriver                        0x0000000108ca570f chromedriver + 579343\n6   chromedriver                        0x0000000108c936d3 chromedriver + 505555\n7   chromedriver                        0x0000000108c6976e chromedriver + 333678\n8   chromedriver                        0x0000000108c6a745 chromedriver + 337733\n9   chromedriver                        0x000000010909befe chromedriver + 4734718\n10  chromedriver                        0x00000001090b5a19 chromedriver + 4839961\n11  chromedriver                        0x00000001090bb1c8 chromedriver + 4862408\n12  chromedriver                        0x00000001090b63aa chromedriver + 4842410\n13  chromedriver                        0x0000000109090a01 chromedriver + 4688385\n14  chromedriver                        0x00000001090d1538 chromedriver + 4953400\n15  chromedriver                        0x00000001090d16c1 chromedriver + 4953793\n16  chromedriver                        0x00000001090e7225 chromedriver + 5042725\n17  libsystem_pthread.dylib             0x00007fff2030f8fc _pthread_start + 224\n18  libsystem_pthread.dylib             0x00007fff2030b443 thread_start + 15",
  "statusTrace" : "self = <TestCase.test_vue.Test_Login_Vue object at 0x7fcd80456130>\n\n    def test_01_login(self):\n        login = LoginPage(self.driver)  # 实例化对象\n>       login.login_vue()\n\nTestCase/test_vue.py:31: \n_ _ _ _ _ _ _ _ _ _ _ _ _ _ _ _ _ _ _ _ _ _ _ _ _ _ _ _ _ _ _ _ _ _ _ _ _ _ _ _ \nPageObject/login_page.py:20: in login_vue\n    self.click(self.submit_login)\nBase/base_page.py:35: in click\n    self.locate_element(args).click()\nBase/base_page.py:27: in locate_element\n    return self.driver.find_element(*args)  # 要点击等，需要return返回\nvenv/lib/python3.9/site-packages/selenium/webdriver/remote/webdriver.py:1248: in find_element\n    return self.execute(Command.FIND_ELEMENT, {\nvenv/lib/python3.9/site-packages/selenium/webdriver/remote/webdriver.py:425: in execute\n    self.error_handler.check_response(response)\n_ _ _ _ _ _ _ _ _ _ _ _ _ _ _ _ _ _ _ _ _ _ _ _ _ _ _ _ _ _ _ _ _ _ _ _ _ _ _ _ \n\nself = <selenium.webdriver.remote.errorhandler.ErrorHandler object at 0x7fcd803f0310>\nresponse = {'status': 404, 'value': '{\"value\":{\"error\":\"no such window\",\"message\":\"no such window: target window already closed\\\\...fff2030f8fc _pthread_start + 224\\\\n18  libsystem_pthread.dylib             0x00007fff2030b443 thread_start + 15\\\\n\"}}'}\n\n    def check_response(self, response: Dict[str, Any]) -> None:\n        \"\"\"\n        Checks that a JSON response from the WebDriver does not have an error.\n    \n        :Args:\n         - response - The JSON response from the WebDriver server as a dictionary\n           object.\n    \n        :Raises: If the response contains an error message.\n        \"\"\"\n        status = response.get('status', None)\n        if not status or status == ErrorCode.SUCCESS:\n            return\n        value = None\n        message = response.get(\"message\", \"\")\n        screen: str = response.get(\"screen\", \"\")\n        stacktrace = None\n        if isinstance(status, int):\n            value_json = response.get('value', None)\n            if value_json and isinstance(value_json, str):\n                import json\n                try:\n                    value = json.loads(value_json)\n                    if len(value.keys()) == 1:\n                        value = value['value']\n                    status = value.get('error', None)\n                    if not status:\n                        status = value.get(\"status\", ErrorCode.UNKNOWN_ERROR)\n                        message = value.get(\"value\") or value.get(\"message\")\n                        if not isinstance(message, str):\n                            value = message\n                            message = message.get('message')\n                    else:\n                        message = value.get('message', None)\n                except ValueError:\n                    pass\n    \n        exception_class: Type[WebDriverException]\n        if status in ErrorCode.NO_SUCH_ELEMENT:\n            exception_class = NoSuchElementException\n        elif status in ErrorCode.NO_SUCH_FRAME:\n            exception_class = NoSuchFrameException\n        elif status in ErrorCode.NO_SUCH_SHADOW_ROOT:\n            exception_class = NoSuchShadowRootException\n        elif status in ErrorCode.NO_SUCH_WINDOW:\n            exception_class = NoSuchWindowException\n        elif status in ErrorCode.STALE_ELEMENT_REFERENCE:\n            exception_class = StaleElementReferenceException\n        elif status in ErrorCode.ELEMENT_NOT_VISIBLE:\n            exception_class = ElementNotVisibleException\n        elif status in ErrorCode.INVALID_ELEMENT_STATE:\n            exception_class = InvalidElementStateException\n        elif status in ErrorCode.INVALID_SELECTOR \\\n                or status in ErrorCode.INVALID_XPATH_SELECTOR \\\n                or status in ErrorCode.INVALID_XPATH_SELECTOR_RETURN_TYPER:\n            exception_class = InvalidSelectorException\n        elif status in ErrorCode.ELEMENT_IS_NOT_SELECTABLE:\n            exception_class = ElementNotSelectableException\n        elif status in ErrorCode.ELEMENT_NOT_INTERACTABLE:\n            exception_class = ElementNotInteractableException\n        elif status in ErrorCode.INVALID_COOKIE_DOMAIN:\n            exception_class = InvalidCookieDomainException\n        elif status in ErrorCode.UNABLE_TO_SET_COOKIE:\n            exception_class = UnableToSetCookieException\n        elif status in ErrorCode.TIMEOUT:\n            exception_class = TimeoutException\n        elif status in ErrorCode.SCRIPT_TIMEOUT:\n            exception_class = TimeoutException\n        elif status in ErrorCode.UNKNOWN_ERROR:\n            exception_class = WebDriverException\n        elif status in ErrorCode.UNEXPECTED_ALERT_OPEN:\n            exception_class = UnexpectedAlertPresentException\n        elif status in ErrorCode.NO_ALERT_OPEN:\n            exception_class = NoAlertPresentException\n        elif status in ErrorCode.IME_NOT_AVAILABLE:\n            exception_class = ImeNotAvailableException\n        elif status in ErrorCode.IME_ENGINE_ACTIVATION_FAILED:\n            exception_class = ImeActivationFailedException\n        elif status in ErrorCode.MOVE_TARGET_OUT_OF_BOUNDS:\n            exception_class = MoveTargetOutOfBoundsException\n        elif status in ErrorCode.JAVASCRIPT_ERROR:\n            exception_class = JavascriptException\n        elif status in ErrorCode.SESSION_NOT_CREATED:\n            exception_class = SessionNotCreatedException\n        elif status in ErrorCode.INVALID_ARGUMENT:\n            exception_class = InvalidArgumentException\n        elif status in ErrorCode.NO_SUCH_COOKIE:\n            exception_class = NoSuchCookieException\n        elif status in ErrorCode.UNABLE_TO_CAPTURE_SCREEN:\n            exception_class = ScreenshotException\n        elif status in ErrorCode.ELEMENT_CLICK_INTERCEPTED:\n            exception_class = ElementClickInterceptedException\n        elif status in ErrorCode.INSECURE_CERTIFICATE:\n            exception_class = InsecureCertificateException\n        elif status in ErrorCode.INVALID_COORDINATES:\n            exception_class = InvalidCoordinatesException\n        elif status in ErrorCode.INVALID_SESSION_ID:\n            exception_class = InvalidSessionIdException\n        elif status in ErrorCode.UNKNOWN_METHOD:\n            exception_class = UnknownMethodException\n        else:\n            exception_class = WebDriverException\n        if not value:\n            value = response['value']\n        if isinstance(value, str):\n            raise exception_class(value)\n        if message == \"\" and 'message' in value:\n            message = value['message']\n    \n        screen = None  # type: ignore[assignment]\n        if 'screen' in value:\n            screen = value['screen']\n    \n        stacktrace = None\n        st_value = value.get('stackTrace') or value.get('stacktrace')\n        if st_value:\n            if isinstance(st_value, str):\n                stacktrace = st_value.split('\\n')\n            else:\n                stacktrace = []\n                try:\n                    for frame in st_value:\n                        line = self._value_or_default(frame, 'lineNumber', '')\n                        file = self._value_or_default(frame, 'fileName', '<anonymous>')\n                        if line:\n                            file = \"%s:%s\" % (file, line)\n                        meth = self._value_or_default(frame, 'methodName', '<anonymous>')\n                        if 'className' in frame:\n                            meth = \"%s.%s\" % (frame['className'], meth)\n                        msg = \"    at %s (%s)\"\n                        msg = msg % (meth, file)\n                        stacktrace.append(msg)\n                except TypeError:\n                    pass\n        if exception_class == UnexpectedAlertPresentException:\n            alert_text = None\n            if 'data' in value:\n                alert_text = value['data'].get('text')\n            elif 'alert' in value:\n                alert_text = value['alert'].get('text')\n            raise exception_class(message, screen, stacktrace, alert_text)  # type: ignore[call-arg]  # mypy is not smart enough here\n>       raise exception_class(message, screen, stacktrace)\nE       selenium.common.exceptions.NoSuchWindowException: Message: no such window: target window already closed\nE       from unknown error: web view not found\nE         (Session info: chrome=99.0.4844.51)\nE       Stacktrace:\nE       0   chromedriver                        0x00000001090dfee9 chromedriver + 5013225\nE       1   chromedriver                        0x000000010906b1d3 chromedriver + 4534739\nE       2   chromedriver                        0x0000000108c41a68 chromedriver + 170600\nE       3   chromedriver                        0x0000000108c2310e chromedriver + 45326\nE       4   chromedriver                        0x0000000108c96dbc chromedriver + 519612\nE       5   chromedriver                        0x0000000108ca570f chromedriver + 579343\nE       6   chromedriver                        0x0000000108c936d3 chromedriver + 505555\nE       7   chromedriver                        0x0000000108c6976e chromedriver + 333678\nE       8   chromedriver                        0x0000000108c6a745 chromedriver + 337733\nE       9   chromedriver                        0x000000010909befe chromedriver + 4734718\nE       10  chromedriver                        0x00000001090b5a19 chromedriver + 4839961\nE       11  chromedriver                        0x00000001090bb1c8 chromedriver + 4862408\nE       12  chromedriver                        0x00000001090b63aa chromedriver + 4842410\nE       13  chromedriver                        0x0000000109090a01 chromedriver + 4688385\nE       14  chromedriver                        0x00000001090d1538 chromedriver + 4953400\nE       15  chromedriver                        0x00000001090d16c1 chromedriver + 4953793\nE       16  chromedriver                        0x00000001090e7225 chromedriver + 5042725\nE       17  libsystem_pthread.dylib             0x00007fff2030f8fc _pthread_start + 224\nE       18  libsystem_pthread.dylib             0x00007fff2030b443 thread_start + 15\n\nvenv/lib/python3.9/site-packages/selenium/webdriver/remote/errorhandler.py:247: NoSuchWindowException",
  "flaky" : false,
  "newFailed" : false,
  "newBroken" : false,
  "newPassed" : false,
  "retriesCount" : 0,
  "retriesStatusChange" : false,
  "beforeStages" : [ {
    "name" : "_Class__pytest_setup_class",
    "time" : {
      "start" : 1647309349526,
      "stop" : 1647309351402,
      "duration" : 1876
    },
    "status" : "passed",
    "steps" : [ ],
    "attachments" : [ ],
    "parameters" : [ ],
    "stepsCount" : 0,
    "attachmentsCount" : 0,
    "shouldDisplayMessage" : false,
    "hasContent" : false
  } ],
  "afterStages" : [ {
    "name" : "_Class__pytest_setup_class::0",
    "time" : {
      "start" : 1647309360716,
      "stop" : 1647309362728,
      "duration" : 2012
    },
    "status" : "broken",
    "statusMessage" : "selenium.common.exceptions.NoSuchWindowException: Message: no such window: target window already closed\nfrom unknown error: web view not found\n  (Session info: chrome=99.0.4844.51)\nStacktrace:\n0   chromedriver                        0x00000001090dfee9 chromedriver + 5013225\n1   chromedriver                        0x000000010906b1d3 chromedriver + 4534739\n2   chromedriver                        0x0000000108c41a68 chromedriver + 170600\n3   chromedriver                        0x0000000108c2310e chromedriver + 45326\n4   chromedriver                        0x0000000108c96dbc chromedriver + 519612\n5   chromedriver                        0x0000000108c9b15e chromedriver + 536926\n6   chromedriver                        0x0000000108c937a8 chromedriver + 505768\n7   chromedriver                        0x0000000108c6976e chromedriver + 333678\n8   chromedriver                        0x0000000108c6a745 chromedriver + 337733\n9   chromedriver                        0x000000010909befe chromedriver + 4734718\n10  chromedriver                        0x00000001090b5a19 chromedriver + 4839961\n11  chromedriver                        0x00000001090bb1c8 chromedriver + 4862408\n12  chromedriver                        0x00000001090b63aa chromedriver + 4842410\n13  chromedriver                        0x0000000109090a01 chromedriver + 4688385\n14  chromedriver                        0x00000001090d1538 chromedriver + 4953400\n15  chromedriver                        0x00000001090d16c1 chromedriver + 4953793\n16  chromedriver                        0x00000001090e7225 chromedriver + 5042725\n17  libsystem_pthread.dylib             0x00007fff2030f8fc _pthread_start + 224\n18  libsystem_pthread.dylib             0x00007fff2030b443 thread_start + 15\n\n",
    "statusTrace" : "  File \"/Library/Frameworks/Python.framework/Versions/3.9/lib/python3.9/site-packages/allure_commons/_allure.py\", line 200, in __call__\n    return self._fixture_function(*args, **kwargs)\n  File \"/Users/yangzhiqi/PycharmProjects/Selenium/venv/lib/python3.9/site-packages/_pytest/fixtures.py\", line 800, in _teardown_yield_fixture\n    next(it)\n  File \"/Users/yangzhiqi/PycharmProjects/Selenium/venv/lib/python3.9/site-packages/_pytest/python.py\", line 705, in xunit_setup_class_fixture\n    _call_with_optional_argument(func, self.obj)\n  File \"/Users/yangzhiqi/PycharmProjects/Selenium/venv/lib/python3.9/site-packages/_pytest/python.py\", line 632, in _call_with_optional_argument\n    func(arg)\n  File \"/Users/yangzhiqi/PycharmProjects/Selenium/TestCase/test_vue.py\", line 51, in teardown_class\n    self.driver.close()\n  File \"/Users/yangzhiqi/PycharmProjects/Selenium/venv/lib/python3.9/site-packages/selenium/webdriver/remote/webdriver.py\", line 938, in close\n    self.execute(Command.CLOSE)\n  File \"/Users/yangzhiqi/PycharmProjects/Selenium/venv/lib/python3.9/site-packages/selenium/webdriver/remote/webdriver.py\", line 425, in execute\n    self.error_handler.check_response(response)\n  File \"/Users/yangzhiqi/PycharmProjects/Selenium/venv/lib/python3.9/site-packages/selenium/webdriver/remote/errorhandler.py\", line 247, in check_response\n    raise exception_class(message, screen, stacktrace)\n",
    "steps" : [ ],
    "attachments" : [ ],
    "parameters" : [ ],
    "stepsCount" : 0,
    "attachmentsCount" : 0,
    "shouldDisplayMessage" : true,
    "hasContent" : true
  } ],
  "labels" : [ {
    "name" : "parentSuite",
    "value" : "TestCase"
  }, {
    "name" : "suite",
    "value" : "test_vue"
  }, {
    "name" : "subSuite",
    "value" : "Test_Login_Vue"
  }, {
    "name" : "host",
    "value" : "YZQ.local"
  }, {
    "name" : "thread",
    "value" : "2877-MainThread"
  }, {
    "name" : "framework",
    "value" : "pytest"
  }, {
    "name" : "language",
    "value" : "cpython3"
  }, {
    "name" : "package",
    "value" : "TestCase.test_vue"
  }, {
    "name" : "resultFormat",
    "value" : "allure2"
  } ],
  "parameters" : [ ],
  "links" : [ ],
  "hidden" : true,
  "retry" : true,
  "extra" : {
    "categories" : [ ],
    "tags" : [ ]
  },
  "source" : "cbf73615ada4955a.json",
  "parameterValues" : [ ]
}