{
  "uid" : "cecc3bb33313a7d3",
  "name" : "test_02_file[file_name_info1]",
  "fullName" : "TestCase.test_vue.Test_Login_Vue#test_02_file",
  "historyId" : "d7f73096832c045b1e34718b57c5e48a",
  "time" : {
    "start" : 1647309470969,
    "stop" : 1647309470969,
    "duration" : 0
  },
  "status" : "broken",
  "statusMessage" : "ValueError: too many values to unpack (expected 5)",
  "statusTrace" : "self = <TestCase.test_vue.Test_Login_Vue object at 0x7fa7c7432b80>\nfile_name_info = [2, '输入正确的文件名，提示下载成功', 10000000000, 'y', None, None]\n\n    @pytest.mark.parametrize(\"file_name_info\", read_excel(\"./Data/data.xlsx\", \"export\"))\n    def test_02_file(self, file_name_info):\n        # print(file_name_info)\n>       index, case_name, file_name, is_exe, result = file_name_info\nE       ValueError: too many values to unpack (expected 5)\n\nTestCase/test_vue.py:33: ValueError",
  "flaky" : false,
  "newFailed" : false,
  "newBroken" : false,
  "newPassed" : false,
  "retriesCount" : 3,
  "retriesStatusChange" : false,
  "beforeStages" : [ {
    "name" : "_Class__pytest_setup_class",
    "time" : {
      "start" : 1647309435931,
      "stop" : 1647309437648,
      "duration" : 1717
    },
    "status" : "passed",
    "steps" : [ ],
    "attachments" : [ ],
    "parameters" : [ ],
    "stepsCount" : 0,
    "attachmentsCount" : 0,
    "shouldDisplayMessage" : false,
    "hasContent" : false
  } ],
  "afterStages" : [ {
    "name" : "_Class__pytest_setup_class::0",
    "time" : {
      "start" : 1647309470979,
      "stop" : 1647309473158,
      "duration" : 2179
    },
    "status" : "passed",
    "steps" : [ ],
    "attachments" : [ ],
    "parameters" : [ ],
    "stepsCount" : 0,
    "attachmentsCount" : 0,
    "shouldDisplayMessage" : false,
    "hasContent" : false
  } ],
  "labels" : [ {
    "name" : "parentSuite",
    "value" : "TestCase"
  }, {
    "name" : "suite",
    "value" : "test_vue"
  }, {
    "name" : "subSuite",
    "value" : "Test_Login_Vue"
  }, {
    "name" : "host",
    "value" : "YZQ.local"
  }, {
    "name" : "thread",
    "value" : "3004-MainThread"
  }, {
    "name" : "framework",
    "value" : "pytest"
  }, {
    "name" : "language",
    "value" : "cpython3"
  }, {
    "name" : "package",
    "value" : "TestCase.test_vue"
  }, {
    "name" : "resultFormat",
    "value" : "allure2"
  } ],
  "parameters" : [ {
    "name" : "file_name_info",
    "value" : "[2, '输入正确的文件名，提示下载成功', 10000000000, 'y', None, None]"
  } ],
  "links" : [ ],
  "hidden" : false,
  "retry" : false,
  "extra" : {
    "severity" : "normal",
    "retries" : [ {
      "uid" : "b63ec7b4dce9a1eb",
      "status" : "broken",
      "statusDetails" : "ValueError: too many values to unpack (expected 5)",
      "time" : {
        "start" : 1647309360705,
        "stop" : 1647309360705,
        "duration" : 0
      }
    }, {
      "uid" : "6bb06ce780e35d84",
      "status" : "broken",
      "statusDetails" : "selenium.common.exceptions.NoSuchElementException: Message: no such element: Unable to locate element: {\"method\":\"xpath\",\"selector\":\"//*[@id='app']/div/form/button\"}\n  (Session info: chrome=99.0.4844.51)\nStacktrace:\n0   chromedriver                        0x0000000103ec2ee9 chromedriver + 5013225\n1   chromedriver                        0x0000000103e4e1d3 chromedriver + 4534739\n2   chromedriver                        0x0000000103a24a68 chromedriver + 170600\n3   chromedriver                        0x0000000103a59152 chromedriver + 385362\n4   chromedriver                        0x0000000103a59311 chromedriver + 385809\n5   chromedriver                        0x0000000103a8b324 chromedriver + 590628\n6   chromedriver                        0x0000000103a7680d chromedriver + 505869\n7   chromedriver                        0x0000000103a89074 chromedriver + 581748\n8   chromedriver                        0x0000000103a766d3 chromedriver + 505555\n9   chromedriver                        0x0000000103a4c76e chromedriver + 333678\n10  chromedriver                        0x0000000103a4d745 chromedriver + 337733\n11  chromedriver                        0x0000000103e7eefe chromedriver + 4734718\n12  chromedriver                        0x0000000103e98a19 chromedriver + 4839961\n13  chromedriver                        0x0000000103e9e1c8 chromedriver + 4862408\n14  chromedriver                        0x0000000103e993aa chromedriver + 4842410\n15  chromedriver                        0x0000000103e73a01 chromedriver + 4688385\n16  chromedriver                        0x0000000103eb4538 chromedriver + 4953400\n17  chromedriver                        0x0000000103eb46c1 chromedriver + 4953793\n18  chromedriver                        0x0000000103eca225 chromedriver + 5042725\n19  libsystem_pthread.dylib             0x00007fff203a98fc _pthread_start + 224\n20  libsystem_pthread.dylib             0x00007fff203a5443 thread_start + 15",
      "time" : {
        "start" : 1646293856465,
        "stop" : 1646293859440,
        "duration" : 2975
      }
    }, {
      "uid" : "6b400223f631d1b3",
      "status" : "broken",
      "statusDetails" : "selenium.common.exceptions.NoSuchElementException: Message: no such element: Unable to locate element: {\"method\":\"xpath\",\"selector\":\"//*[@id='app']/div/form/button\"}\n  (Session info: chrome=99.0.4844.51)\nStacktrace:\n0   chromedriver                        0x000000010a308ee9 chromedriver + 5013225\n1   chromedriver                        0x000000010a2941d3 chromedriver + 4534739\n2   chromedriver                        0x0000000109e6aa68 chromedriver + 170600\n3   chromedriver                        0x0000000109e9f152 chromedriver + 385362\n4   chromedriver                        0x0000000109e9f311 chromedriver + 385809\n5   chromedriver                        0x0000000109ed1324 chromedriver + 590628\n6   chromedriver                        0x0000000109ebc80d chromedriver + 505869\n7   chromedriver                        0x0000000109ecf074 chromedriver + 581748\n8   chromedriver                        0x0000000109ebc6d3 chromedriver + 505555\n9   chromedriver                        0x0000000109e9276e chromedriver + 333678\n10  chromedriver                        0x0000000109e93745 chromedriver + 337733\n11  chromedriver                        0x000000010a2c4efe chromedriver + 4734718\n12  chromedriver                        0x000000010a2dea19 chromedriver + 4839961\n13  chromedriver                        0x000000010a2e41c8 chromedriver + 4862408\n14  chromedriver                        0x000000010a2df3aa chromedriver + 4842410\n15  chromedriver                        0x000000010a2b9a01 chromedriver + 4688385\n16  chromedriver                        0x000000010a2fa538 chromedriver + 4953400\n17  chromedriver                        0x000000010a2fa6c1 chromedriver + 4953793\n18  chromedriver                        0x000000010a310225 chromedriver + 5042725\n19  libsystem_pthread.dylib             0x00007fff203a98fc _pthread_start + 224\n20  libsystem_pthread.dylib             0x00007fff203a5443 thread_start + 15",
      "time" : {
        "start" : 1646293809711,
        "stop" : 1646293810957,
        "duration" : 1246
      }
    } ],
    "categories" : [ {
      "name" : "Test defects",
      "matchedStatuses" : [ ],
      "flaky" : false
    } ],
    "tags" : [ ]
  },
  "source" : "cecc3bb33313a7d3.json",
  "parameterValues" : [ "[2, '输入正确的文件名，提示下载成功', 10000000000, 'y', None, None]" ]
}